{"D:\\5th Semester IIITS\\Information Security\\Project\\Editorial\\backendAmit\\backend\\app.js": {"path":"D:\\5th Semester IIITS\\Information Security\\Project\\Editorial\\backendAmit\\backend\\app.js","statementMap":{"0":{"start":{"line":2,"column":16},"end":{"line":2,"column":34}},"1":{"start":{"line":3,"column":17},"end":{"line":3,"column":36}},"2":{"start":{"line":4,"column":13},"end":{"line":4,"column":28}},"3":{"start":{"line":5,"column":15},"end":{"line":5,"column":32}},"4":{"start":{"line":6,"column":20},"end":{"line":6,"column":42}},"5":{"start":{"line":7,"column":18},"end":{"line":7,"column":47}},"6":{"start":{"line":8,"column":15},"end":{"line":8,"column":38}},"7":{"start":{"line":11,"column":19},"end":{"line":11,"column":43}},"8":{"start":{"line":12,"column":25},"end":{"line":12,"column":55}},"9":{"start":{"line":13,"column":21},"end":{"line":13,"column":47}},"10":{"start":{"line":14,"column":20},"end":{"line":14,"column":45}},"11":{"start":{"line":16,"column":12},"end":{"line":16,"column":21}},"12":{"start":{"line":19,"column":0},"end":{"line":19,"column":18}},"13":{"start":{"line":20,"column":0},"end":{"line":20,"column":23}},"14":{"start":{"line":23,"column":16},"end":{"line":26,"column":2}},"15":{"start":{"line":27,"column":0},"end":{"line":27,"column":17}},"16":{"start":{"line":30,"column":0},"end":{"line":33,"column":4}},"17":{"start":{"line":36,"column":0},"end":{"line":36,"column":41}},"18":{"start":{"line":37,"column":0},"end":{"line":37,"column":48}},"19":{"start":{"line":40,"column":0},"end":{"line":45,"column":63}},"20":{"start":{"line":44,"column":12},"end":{"line":44,"column":47}},"21":{"start":{"line":45,"column":14},"end":{"line":45,"column":61}},"22":{"start":{"line":48,"column":0},"end":{"line":48,"column":33}},"23":{"start":{"line":49,"column":0},"end":{"line":49,"column":46}},"24":{"start":{"line":50,"column":0},"end":{"line":50,"column":38}},"25":{"start":{"line":51,"column":0},"end":{"line":51,"column":35}},"26":{"start":{"line":53,"column":0},"end":{"line":59,"column":3}},"27":{"start":{"line":54,"column":2},"end":{"line":58,"column":5}},"28":{"start":{"line":62,"column":0},"end":{"line":85,"column":3}},"29":{"start":{"line":63,"column":2},"end":{"line":63,"column":27}},"30":{"start":{"line":65,"column":2},"end":{"line":71,"column":3}},"31":{"start":{"line":66,"column":4},"end":{"line":70,"column":7}},"32":{"start":{"line":69,"column":49},"end":{"line":69,"column":58}},"33":{"start":{"line":73,"column":2},"end":{"line":78,"column":3}},"34":{"start":{"line":74,"column":4},"end":{"line":77,"column":7}},"35":{"start":{"line":80,"column":2},"end":{"line":84,"column":5}},"36":{"start":{"line":88,"column":0},"end":{"line":93,"column":3}},"37":{"start":{"line":89,"column":2},"end":{"line":92,"column":5}},"38":{"start":{"line":95,"column":0},"end":{"line":95,"column":21}}},"fnMap":{"0":{"name":"(anonymous_0)","decl":{"start":{"line":44,"column":6},"end":{"line":44,"column":7}},"loc":{"start":{"line":44,"column":12},"end":{"line":44,"column":47}},"line":44},"1":{"name":"(anonymous_1)","decl":{"start":{"line":45,"column":7},"end":{"line":45,"column":8}},"loc":{"start":{"line":45,"column":14},"end":{"line":45,"column":61}},"line":45},"2":{"name":"(anonymous_2)","decl":{"start":{"line":53,"column":19},"end":{"line":53,"column":20}},"loc":{"start":{"line":53,"column":33},"end":{"line":59,"column":1}},"line":53},"3":{"name":"(anonymous_3)","decl":{"start":{"line":62,"column":8},"end":{"line":62,"column":9}},"loc":{"start":{"line":62,"column":33},"end":{"line":85,"column":1}},"line":62},"4":{"name":"(anonymous_4)","decl":{"start":{"line":69,"column":44},"end":{"line":69,"column":45}},"loc":{"start":{"line":69,"column":49},"end":{"line":69,"column":58}},"line":69},"5":{"name":"(anonymous_5)","decl":{"start":{"line":88,"column":13},"end":{"line":88,"column":14}},"loc":{"start":{"line":88,"column":27},"end":{"line":93,"column":1}},"line":88}},"branchMap":{"0":{"loc":{"start":{"line":31,"column":10},"end":{"line":31,"column":61}},"type":"binary-expr","locations":[{"start":{"line":31,"column":10},"end":{"line":31,"column":34}},{"start":{"line":31,"column":38},"end":{"line":31,"column":61}}],"line":31},"1":{"loc":{"start":{"line":65,"column":2},"end":{"line":71,"column":3}},"type":"if","locations":[{"start":{"line":65,"column":2},"end":{"line":71,"column":3}},{"start":{},"end":{}}],"line":65},"2":{"loc":{"start":{"line":73,"column":2},"end":{"line":78,"column":3}},"type":"if","locations":[{"start":{"line":73,"column":2},"end":{"line":78,"column":3}},{"start":{},"end":{}}],"line":73},"3":{"loc":{"start":{"line":83,"column":11},"end":{"line":83,"column":62}},"type":"cond-expr","locations":[{"start":{"line":83,"column":46},"end":{"line":83,"column":48}},{"start":{"line":83,"column":51},"end":{"line":83,"column":62}}],"line":83}},"s":{"0":4,"1":4,"2":4,"3":4,"4":4,"5":4,"6":4,"7":4,"8":4,"9":4,"10":4,"11":4,"12":4,"13":4,"14":4,"15":4,"16":4,"17":4,"18":4,"19":4,"20":4,"21":0,"22":4,"23":4,"24":4,"25":4,"26":4,"27":1,"28":4,"29":0,"30":0,"31":0,"32":0,"33":0,"34":0,"35":0,"36":4,"37":1,"38":4},"f":{"0":4,"1":0,"2":1,"3":0,"4":0,"5":1},"b":{"0":[4,4],"1":[0,0],"2":[0,0],"3":[0,0]},"_coverageSchema":"1a1c01bbd47fc00a2c39e90264f33305004495a9","hash":"d5c0fbc536917dae6a9162bd1c140b6e7512b5c2"}
,"D:\\5th Semester IIITS\\Information Security\\Project\\Editorial\\backendAmit\\backend\\config\\cloudinary.js": {"path":"D:\\5th Semester IIITS\\Information Security\\Project\\Editorial\\backendAmit\\backend\\config\\cloudinary.js","statementMap":{"0":{"start":{"line":2,"column":19},"end":{"line":2,"column":43}},"1":{"start":{"line":3,"column":15},"end":{"line":3,"column":31}},"2":{"start":{"line":6,"column":0},"end":{"line":11,"column":3}},"3":{"start":{"line":14,"column":0},"end":{"line":22,"column":1}},"4":{"start":{"line":15,"column":2},"end":{"line":21,"column":7}},"5":{"start":{"line":17,"column":6},"end":{"line":17,"column":58}},"6":{"start":{"line":20,"column":6},"end":{"line":20,"column":73}},"7":{"start":{"line":24,"column":0},"end":{"line":24,"column":28}}},"fnMap":{"0":{"name":"(anonymous_0)","decl":{"start":{"line":16,"column":10},"end":{"line":16,"column":11}},"loc":{"start":{"line":16,"column":20},"end":{"line":18,"column":5}},"line":16},"1":{"name":"(anonymous_1)","decl":{"start":{"line":19,"column":11},"end":{"line":19,"column":12}},"loc":{"start":{"line":19,"column":20},"end":{"line":21,"column":5}},"line":19}},"branchMap":{"0":{"loc":{"start":{"line":14,"column":0},"end":{"line":22,"column":1}},"type":"if","locations":[{"start":{"line":14,"column":0},"end":{"line":22,"column":1}},{"start":{},"end":{}}],"line":14}},"s":{"0":4,"1":4,"2":4,"3":4,"4":0,"5":0,"6":0,"7":4},"f":{"0":0,"1":0},"b":{"0":[0,4]},"_coverageSchema":"1a1c01bbd47fc00a2c39e90264f33305004495a9","hash":"3efbc6ea353b7cc875252e2a34be9e8f3a345f77"}
,"D:\\5th Semester IIITS\\Information Security\\Project\\Editorial\\backendAmit\\backend\\config\\env.js": {"path":"D:\\5th Semester IIITS\\Information Security\\Project\\Editorial\\backendAmit\\backend\\config\\env.js","statementMap":{"0":{"start":{"line":2,"column":0},"end":{"line":2,"column":27}},"1":{"start":{"line":4,"column":15},"end":{"line":31,"column":1}},"2":{"start":{"line":34,"column":24},"end":{"line":34,"column":53}},"3":{"start":{"line":35,"column":0},"end":{"line":37,"column":1}},"4":{"start":{"line":36,"column":2},"end":{"line":36,"column":95}},"5":{"start":{"line":39,"column":23},"end":{"line":39,"column":77}},"6":{"start":{"line":39,"column":56},"end":{"line":39,"column":76}},"7":{"start":{"line":40,"column":0},"end":{"line":45,"column":1}},"8":{"start":{"line":41,"column":2},"end":{"line":41,"column":80}},"9":{"start":{"line":42,"column":2},"end":{"line":44,"column":3}},"10":{"start":{"line":43,"column":4},"end":{"line":43,"column":92}},"11":{"start":{"line":47,"column":0},"end":{"line":47,"column":24}}},"fnMap":{"0":{"name":"(anonymous_0)","decl":{"start":{"line":39,"column":46},"end":{"line":39,"column":47}},"loc":{"start":{"line":39,"column":56},"end":{"line":39,"column":76}},"line":39}},"branchMap":{"0":{"loc":{"start":{"line":6,"column":12},"end":{"line":6,"column":49}},"type":"binary-expr","locations":[{"start":{"line":6,"column":12},"end":{"line":6,"column":32}},{"start":{"line":6,"column":36},"end":{"line":6,"column":49}}],"line":6},"1":{"loc":{"start":{"line":7,"column":8},"end":{"line":7,"column":32}},"type":"binary-expr","locations":[{"start":{"line":7,"column":8},"end":{"line":7,"column":24}},{"start":{"line":7,"column":28},"end":{"line":7,"column":32}}],"line":7},"2":{"loc":{"start":{"line":10,"column":15},"end":{"line":10,"column":86}},"type":"binary-expr","locations":[{"start":{"line":10,"column":15},"end":{"line":10,"column":38}},{"start":{"line":10,"column":42},"end":{"line":10,"column":86}}],"line":10},"3":{"loc":{"start":{"line":13,"column":14},"end":{"line":13,"column":77}},"type":"binary-expr","locations":[{"start":{"line":13,"column":14},"end":{"line":13,"column":36}},{"start":{"line":13,"column":40},"end":{"line":13,"column":77}}],"line":13},"4":{"loc":{"start":{"line":14,"column":18},"end":{"line":14,"column":52}},"type":"binary-expr","locations":[{"start":{"line":14,"column":18},"end":{"line":14,"column":44}},{"start":{"line":14,"column":48},"end":{"line":14,"column":52}}],"line":14},"5":{"loc":{"start":{"line":35,"column":0},"end":{"line":37,"column":1}},"type":"if","locations":[{"start":{"line":35,"column":0},"end":{"line":37,"column":1}},{"start":{},"end":{}}],"line":35},"6":{"loc":{"start":{"line":40,"column":0},"end":{"line":45,"column":1}},"type":"if","locations":[{"start":{"line":40,"column":0},"end":{"line":45,"column":1}},{"start":{},"end":{}}],"line":40},"7":{"loc":{"start":{"line":42,"column":2},"end":{"line":44,"column":3}},"type":"if","locations":[{"start":{"line":42,"column":2},"end":{"line":44,"column":3}},{"start":{},"end":{}}],"line":42}},"s":{"0":4,"1":4,"2":4,"3":4,"4":0,"5":4,"6":8,"7":4,"8":0,"9":0,"10":0,"11":4},"f":{"0":8},"b":{"0":[4,0],"1":[4,0],"2":[4,0],"3":[4,0],"4":[4,0],"5":[0,4],"6":[0,4],"7":[0,0]},"_coverageSchema":"1a1c01bbd47fc00a2c39e90264f33305004495a9","hash":"52d8a01ab75b9bf27650483e26227afbf9210e1e"}
,"D:\\5th Semester IIITS\\Information Security\\Project\\Editorial\\backendAmit\\backend\\controllers\\ReviewController.js": {"path":"D:\\5th Semester IIITS\\Information Security\\Project\\Editorial\\backendAmit\\backend\\controllers\\ReviewController.js","statementMap":{"0":{"start":{"line":2,"column":15},"end":{"line":2,"column":42}},"1":{"start":{"line":3,"column":19},"end":{"line":3,"column":50}},"2":{"start":{"line":4,"column":19},"end":{"line":4,"column":50}},"3":{"start":{"line":5,"column":13},"end":{"line":5,"column":38}},"4":{"start":{"line":6,"column":21},"end":{"line":6,"column":56}},"5":{"start":{"line":7,"column":29},"end":{"line":7,"column":57}},"6":{"start":{"line":9,"column":0},"end":{"line":124,"column":2}},"7":{"start":{"line":10,"column":2},"end":{"line":123,"column":3}},"8":{"start":{"line":11,"column":29},"end":{"line":11,"column":39}},"9":{"start":{"line":18,"column":8},"end":{"line":18,"column":16}},"10":{"start":{"line":21,"column":23},"end":{"line":25,"column":29}},"11":{"start":{"line":27,"column":4},"end":{"line":32,"column":5}},"12":{"start":{"line":28,"column":6},"end":{"line":31,"column":9}},"13":{"start":{"line":35,"column":27},"end":{"line":39,"column":6}},"14":{"start":{"line":41,"column":4},"end":{"line":46,"column":5}},"15":{"start":{"line":42,"column":6},"end":{"line":45,"column":9}},"16":{"start":{"line":49,"column":24},"end":{"line":49,"column":45}},"17":{"start":{"line":50,"column":25},"end":{"line":50,"column":96}},"18":{"start":{"line":50,"column":60},"end":{"line":50,"column":71}},"19":{"start":{"line":53,"column":4},"end":{"line":85,"column":5}},"20":{"start":{"line":55,"column":6},"end":{"line":68,"column":8}},"21":{"start":{"line":71,"column":6},"end":{"line":83,"column":9}},"22":{"start":{"line":84,"column":6},"end":{"line":84,"column":26}},"23":{"start":{"line":88,"column":4},"end":{"line":88,"column":36}},"24":{"start":{"line":89,"column":4},"end":{"line":89,"column":35}},"25":{"start":{"line":90,"column":4},"end":{"line":90,"column":28}},"26":{"start":{"line":93,"column":4},"end":{"line":93,"column":47}},"27":{"start":{"line":96,"column":4},"end":{"line":100,"column":6}},"28":{"start":{"line":103,"column":4},"end":{"line":109,"column":5}},"29":{"start":{"line":104,"column":6},"end":{"line":108,"column":8}},"30":{"start":{"line":111,"column":4},"end":{"line":115,"column":7}},"31":{"start":{"line":117,"column":4},"end":{"line":117,"column":49}},"32":{"start":{"line":118,"column":4},"end":{"line":122,"column":7}},"33":{"start":{"line":131,"column":0},"end":{"line":171,"column":2}},"34":{"start":{"line":132,"column":2},"end":{"line":170,"column":3}},"35":{"start":{"line":133,"column":29},"end":{"line":133,"column":39}},"36":{"start":{"line":135,"column":23},"end":{"line":139,"column":29}},"37":{"start":{"line":141,"column":4},"end":{"line":146,"column":5}},"38":{"start":{"line":142,"column":6},"end":{"line":145,"column":9}},"39":{"start":{"line":148,"column":4},"end":{"line":148,"column":35}},"40":{"start":{"line":149,"column":4},"end":{"line":149,"column":28}},"41":{"start":{"line":152,"column":4},"end":{"line":156,"column":6}},"42":{"start":{"line":158,"column":4},"end":{"line":162,"column":7}},"43":{"start":{"line":164,"column":4},"end":{"line":164,"column":53}},"44":{"start":{"line":165,"column":4},"end":{"line":169,"column":7}},"45":{"start":{"line":178,"column":0},"end":{"line":220,"column":2}},"46":{"start":{"line":179,"column":2},"end":{"line":219,"column":3}},"47":{"start":{"line":180,"column":29},"end":{"line":180,"column":39}},"48":{"start":{"line":181,"column":23},"end":{"line":181,"column":31}},"49":{"start":{"line":183,"column":23},"end":{"line":187,"column":29}},"50":{"start":{"line":189,"column":4},"end":{"line":194,"column":5}},"51":{"start":{"line":190,"column":6},"end":{"line":193,"column":9}},"52":{"start":{"line":196,"column":4},"end":{"line":196,"column":35}},"53":{"start":{"line":197,"column":4},"end":{"line":197,"column":28}},"54":{"start":{"line":200,"column":4},"end":{"line":205,"column":6}},"55":{"start":{"line":207,"column":4},"end":{"line":211,"column":7}},"56":{"start":{"line":213,"column":4},"end":{"line":213,"column":54}},"57":{"start":{"line":214,"column":4},"end":{"line":218,"column":7}},"58":{"start":{"line":227,"column":0},"end":{"line":272,"column":2}},"59":{"start":{"line":228,"column":2},"end":{"line":271,"column":3}},"60":{"start":{"line":229,"column":25},"end":{"line":229,"column":35}},"61":{"start":{"line":230,"column":23},"end":{"line":230,"column":31}},"62":{"start":{"line":233,"column":19},"end":{"line":237,"column":6}},"63":{"start":{"line":239,"column":4},"end":{"line":244,"column":5}},"64":{"start":{"line":240,"column":6},"end":{"line":243,"column":9}},"65":{"start":{"line":247,"column":4},"end":{"line":250,"column":5}},"66":{"start":{"line":248,"column":26},"end":{"line":248,"column":58}},"67":{"start":{"line":249,"column":6},"end":{"line":249,"column":104}},"68":{"start":{"line":249,"column":67},"end":{"line":249,"column":78}},"69":{"start":{"line":253,"column":26},"end":{"line":257,"column":5}},"70":{"start":{"line":259,"column":4},"end":{"line":263,"column":7}},"71":{"start":{"line":265,"column":4},"end":{"line":265,"column":49}},"72":{"start":{"line":266,"column":4},"end":{"line":270,"column":7}},"73":{"start":{"line":279,"column":0},"end":{"line":324,"column":2}},"74":{"start":{"line":280,"column":2},"end":{"line":323,"column":3}},"75":{"start":{"line":281,"column":45},"end":{"line":281,"column":54}},"76":{"start":{"line":283,"column":16},"end":{"line":283,"column":41}},"77":{"start":{"line":284,"column":4},"end":{"line":286,"column":5}},"78":{"start":{"line":285,"column":6},"end":{"line":285,"column":28}},"79":{"start":{"line":288,"column":24},"end":{"line":301,"column":31}},"80":{"start":{"line":303,"column":18},"end":{"line":303,"column":56}},"81":{"start":{"line":305,"column":4},"end":{"line":315,"column":7}},"82":{"start":{"line":317,"column":4},"end":{"line":317,"column":50}},"83":{"start":{"line":318,"column":4},"end":{"line":322,"column":7}},"84":{"start":{"line":331,"column":0},"end":{"line":373,"column":2}},"85":{"start":{"line":332,"column":2},"end":{"line":372,"column":3}},"86":{"start":{"line":333,"column":23},"end":{"line":333,"column":34}},"87":{"start":{"line":341,"column":8},"end":{"line":350,"column":6}},"88":{"start":{"line":352,"column":18},"end":{"line":359,"column":5}},"89":{"start":{"line":361,"column":4},"end":{"line":364,"column":7}},"90":{"start":{"line":366,"column":4},"end":{"line":366,"column":59}},"91":{"start":{"line":367,"column":4},"end":{"line":371,"column":7}},"92":{"start":{"line":380,"column":0},"end":{"line":426,"column":2}},"93":{"start":{"line":381,"column":2},"end":{"line":425,"column":3}},"94":{"start":{"line":382,"column":25},"end":{"line":382,"column":35}},"95":{"start":{"line":384,"column":19},"end":{"line":389,"column":73}},"96":{"start":{"line":391,"column":4},"end":{"line":396,"column":5}},"97":{"start":{"line":392,"column":6},"end":{"line":395,"column":9}},"98":{"start":{"line":399,"column":20},"end":{"line":399,"column":66}},"99":{"start":{"line":400,"column":21},"end":{"line":400,"column":74}},"100":{"start":{"line":402,"column":4},"end":{"line":407,"column":5}},"101":{"start":{"line":403,"column":6},"end":{"line":406,"column":9}},"102":{"start":{"line":410,"column":4},"end":{"line":412,"column":5}},"103":{"start":{"line":411,"column":6},"end":{"line":411,"column":46}},"104":{"start":{"line":414,"column":4},"end":{"line":417,"column":7}},"105":{"start":{"line":419,"column":4},"end":{"line":419,"column":54}},"106":{"start":{"line":420,"column":4},"end":{"line":424,"column":7}},"107":{"start":{"line":433,"column":0},"end":{"line":461,"column":2}},"108":{"start":{"line":434,"column":2},"end":{"line":460,"column":3}},"109":{"start":{"line":435,"column":29},"end":{"line":435,"column":39}},"110":{"start":{"line":437,"column":20},"end":{"line":439,"column":34}},"111":{"start":{"line":442,"column":21},"end":{"line":442,"column":54}},"112":{"start":{"line":444,"column":4},"end":{"line":452,"column":7}},"113":{"start":{"line":450,"column":46},"end":{"line":450,"column":70}},"114":{"start":{"line":454,"column":4},"end":{"line":454,"column":58}},"115":{"start":{"line":455,"column":4},"end":{"line":459,"column":7}},"116":{"start":{"line":464,"column":31},"end":{"line":486,"column":1}},"117":{"start":{"line":465,"column":18},"end":{"line":469,"column":4}},"118":{"start":{"line":471,"column":21},"end":{"line":471,"column":60}},"119":{"start":{"line":473,"column":2},"end":{"line":485,"column":3}},"120":{"start":{"line":474,"column":28},"end":{"line":474,"column":62}},"121":{"start":{"line":474,"column":45},"end":{"line":474,"column":61}},"122":{"start":{"line":476,"column":4},"end":{"line":482,"column":5}},"123":{"start":{"line":476,"column":37},"end":{"line":476,"column":53}},"124":{"start":{"line":477,"column":6},"end":{"line":477,"column":37}},"125":{"start":{"line":478,"column":11},"end":{"line":482,"column":5}},"126":{"start":{"line":478,"column":43},"end":{"line":478,"column":59}},"127":{"start":{"line":479,"column":6},"end":{"line":479,"column":37}},"128":{"start":{"line":480,"column":11},"end":{"line":482,"column":5}},"129":{"start":{"line":480,"column":43},"end":{"line":480,"column":95}},"130":{"start":{"line":481,"column":6},"end":{"line":481,"column":47}},"131":{"start":{"line":484,"column":4},"end":{"line":484,"column":28}},"132":{"start":{"line":489,"column":37},"end":{"line":506,"column":1}},"133":{"start":{"line":490,"column":22},"end":{"line":493,"column":23}},"134":{"start":{"line":495,"column":2},"end":{"line":495,"column":41}},"135":{"start":{"line":495,"column":32},"end":{"line":495,"column":41}},"136":{"start":{"line":497,"column":28},"end":{"line":503,"column":7}},"137":{"start":{"line":498,"column":4},"end":{"line":501,"column":5}},"138":{"start":{"line":499,"column":27},"end":{"line":499,"column":81}},"139":{"start":{"line":500,"column":6},"end":{"line":500,"column":34}},"140":{"start":{"line":502,"column":4},"end":{"line":502,"column":17}},"141":{"start":{"line":505,"column":2},"end":{"line":505,"column":72}},"142":{"start":{"line":509,"column":33},"end":{"line":526,"column":1}},"143":{"start":{"line":510,"column":27},"end":{"line":510,"column":72}},"144":{"start":{"line":510,"column":47},"end":{"line":510,"column":71}},"145":{"start":{"line":512,"column":2},"end":{"line":512,"column":54}},"146":{"start":{"line":512,"column":37},"end":{"line":512,"column":54}},"147":{"start":{"line":514,"column":26},"end":{"line":514,"column":69}},"148":{"start":{"line":514,"column":52},"end":{"line":514,"column":68}},"149":{"start":{"line":517,"column":17},"end":{"line":517,"column":19}},"150":{"start":{"line":518,"column":2},"end":{"line":520,"column":5}},"151":{"start":{"line":519,"column":4},"end":{"line":519,"column":41}},"152":{"start":{"line":522,"column":19},"end":{"line":522,"column":53}},"153":{"start":{"line":523,"column":19},"end":{"line":523,"column":76}},"154":{"start":{"line":523,"column":51},"end":{"line":523,"column":75}},"155":{"start":{"line":525,"column":2},"end":{"line":525,"column":31}},"156":{"start":{"line":528,"column":0},"end":{"line":528,"column":25}}},"fnMap":{"0":{"name":"(anonymous_0)","decl":{"start":{"line":9,"column":23},"end":{"line":9,"column":24}},"loc":{"start":{"line":9,"column":43},"end":{"line":124,"column":1}},"line":9},"1":{"name":"(anonymous_1)","decl":{"start":{"line":50,"column":44},"end":{"line":50,"column":45}},"loc":{"start":{"line":50,"column":60},"end":{"line":50,"column":71}},"line":50},"2":{"name":"(anonymous_2)","decl":{"start":{"line":131,"column":33},"end":{"line":131,"column":34}},"loc":{"start":{"line":131,"column":53},"end":{"line":171,"column":1}},"line":131},"3":{"name":"(anonymous_3)","decl":{"start":{"line":178,"column":34},"end":{"line":178,"column":35}},"loc":{"start":{"line":178,"column":54},"end":{"line":220,"column":1}},"line":178},"4":{"name":"(anonymous_4)","decl":{"start":{"line":227,"column":23},"end":{"line":227,"column":24}},"loc":{"start":{"line":227,"column":43},"end":{"line":272,"column":1}},"line":227},"5":{"name":"(anonymous_5)","decl":{"start":{"line":249,"column":51},"end":{"line":249,"column":52}},"loc":{"start":{"line":249,"column":67},"end":{"line":249,"column":78}},"line":249},"6":{"name":"(anonymous_6)","decl":{"start":{"line":279,"column":23},"end":{"line":279,"column":24}},"loc":{"start":{"line":279,"column":43},"end":{"line":324,"column":1}},"line":279},"7":{"name":"(anonymous_7)","decl":{"start":{"line":331,"column":32},"end":{"line":331,"column":33}},"loc":{"start":{"line":331,"column":52},"end":{"line":373,"column":1}},"line":331},"8":{"name":"(anonymous_8)","decl":{"start":{"line":380,"column":27},"end":{"line":380,"column":28}},"loc":{"start":{"line":380,"column":47},"end":{"line":426,"column":1}},"line":380},"9":{"name":"(anonymous_9)","decl":{"start":{"line":433,"column":31},"end":{"line":433,"column":32}},"loc":{"start":{"line":433,"column":51},"end":{"line":461,"column":1}},"line":433},"10":{"name":"(anonymous_10)","decl":{"start":{"line":450,"column":41},"end":{"line":450,"column":42}},"loc":{"start":{"line":450,"column":46},"end":{"line":450,"column":70}},"line":450},"11":{"name":"(anonymous_11)","decl":{"start":{"line":464,"column":31},"end":{"line":464,"column":32}},"loc":{"start":{"line":464,"column":55},"end":{"line":486,"column":1}},"line":464},"12":{"name":"(anonymous_12)","decl":{"start":{"line":474,"column":40},"end":{"line":474,"column":41}},"loc":{"start":{"line":474,"column":45},"end":{"line":474,"column":61}},"line":474},"13":{"name":"(anonymous_13)","decl":{"start":{"line":476,"column":30},"end":{"line":476,"column":31}},"loc":{"start":{"line":476,"column":37},"end":{"line":476,"column":53}},"line":476},"14":{"name":"(anonymous_14)","decl":{"start":{"line":478,"column":36},"end":{"line":478,"column":37}},"loc":{"start":{"line":478,"column":43},"end":{"line":478,"column":59}},"line":478},"15":{"name":"(anonymous_15)","decl":{"start":{"line":480,"column":36},"end":{"line":480,"column":37}},"loc":{"start":{"line":480,"column":43},"end":{"line":480,"column":95}},"line":480},"16":{"name":"(anonymous_16)","decl":{"start":{"line":489,"column":37},"end":{"line":489,"column":38}},"loc":{"start":{"line":489,"column":59},"end":{"line":506,"column":1}},"line":489},"17":{"name":"(anonymous_17)","decl":{"start":{"line":497,"column":47},"end":{"line":497,"column":48}},"loc":{"start":{"line":497,"column":70},"end":{"line":503,"column":3}},"line":497},"18":{"name":"(anonymous_18)","decl":{"start":{"line":509,"column":33},"end":{"line":509,"column":34}},"loc":{"start":{"line":509,"column":46},"end":{"line":526,"column":1}},"line":509},"19":{"name":"(anonymous_19)","decl":{"start":{"line":510,"column":42},"end":{"line":510,"column":43}},"loc":{"start":{"line":510,"column":47},"end":{"line":510,"column":71}},"line":510},"20":{"name":"(anonymous_20)","decl":{"start":{"line":514,"column":47},"end":{"line":514,"column":48}},"loc":{"start":{"line":514,"column":52},"end":{"line":514,"column":68}},"line":514},"21":{"name":"(anonymous_21)","decl":{"start":{"line":518,"column":26},"end":{"line":518,"column":27}},"loc":{"start":{"line":518,"column":33},"end":{"line":520,"column":3}},"line":518},"22":{"name":"(anonymous_22)","decl":{"start":{"line":523,"column":44},"end":{"line":523,"column":45}},"loc":{"start":{"line":523,"column":51},"end":{"line":523,"column":75}},"line":523}},"branchMap":{"0":{"loc":{"start":{"line":27,"column":4},"end":{"line":32,"column":5}},"type":"if","locations":[{"start":{"line":27,"column":4},"end":{"line":32,"column":5}},{"start":{},"end":{}}],"line":27},"1":{"loc":{"start":{"line":41,"column":4},"end":{"line":46,"column":5}},"type":"if","locations":[{"start":{"line":41,"column":4},"end":{"line":46,"column":5}},{"start":{},"end":{}}],"line":41},"2":{"loc":{"start":{"line":41,"column":8},"end":{"line":41,"column":63}},"type":"binary-expr","locations":[{"start":{"line":41,"column":8},"end":{"line":41,"column":22}},{"start":{"line":41,"column":26},"end":{"line":41,"column":63}}],"line":41},"3":{"loc":{"start":{"line":53,"column":4},"end":{"line":85,"column":5}},"type":"if","locations":[{"start":{"line":53,"column":4},"end":{"line":85,"column":5}},{"start":{"line":69,"column":11},"end":{"line":85,"column":5}}],"line":53},"4":{"loc":{"start":{"line":103,"column":4},"end":{"line":109,"column":5}},"type":"if","locations":[{"start":{"line":103,"column":4},"end":{"line":109,"column":5}},{"start":{},"end":{}}],"line":103},"5":{"loc":{"start":{"line":141,"column":4},"end":{"line":146,"column":5}},"type":"if","locations":[{"start":{"line":141,"column":4},"end":{"line":146,"column":5}},{"start":{},"end":{}}],"line":141},"6":{"loc":{"start":{"line":189,"column":4},"end":{"line":194,"column":5}},"type":"if","locations":[{"start":{"line":189,"column":4},"end":{"line":194,"column":5}},{"start":{},"end":{}}],"line":189},"7":{"loc":{"start":{"line":239,"column":4},"end":{"line":244,"column":5}},"type":"if","locations":[{"start":{"line":239,"column":4},"end":{"line":244,"column":5}},{"start":{},"end":{}}],"line":239},"8":{"loc":{"start":{"line":247,"column":4},"end":{"line":250,"column":5}},"type":"if","locations":[{"start":{"line":247,"column":4},"end":{"line":250,"column":5}},{"start":{},"end":{}}],"line":247},"9":{"loc":{"start":{"line":281,"column":20},"end":{"line":281,"column":28}},"type":"default-arg","locations":[{"start":{"line":281,"column":27},"end":{"line":281,"column":28}}],"line":281},"10":{"loc":{"start":{"line":281,"column":30},"end":{"line":281,"column":40}},"type":"default-arg","locations":[{"start":{"line":281,"column":38},"end":{"line":281,"column":40}}],"line":281},"11":{"loc":{"start":{"line":284,"column":4},"end":{"line":286,"column":5}},"type":"if","locations":[{"start":{"line":284,"column":4},"end":{"line":286,"column":5}},{"start":{},"end":{}}],"line":284},"12":{"loc":{"start":{"line":356,"column":22},"end":{"line":356,"column":96}},"type":"cond-expr","locations":[{"start":{"line":356,"column":45},"end":{"line":356,"column":92}},{"start":{"line":356,"column":95},"end":{"line":356,"column":96}}],"line":356},"13":{"loc":{"start":{"line":357,"column":20},"end":{"line":357,"column":74}},"type":"cond-expr","locations":[{"start":{"line":357,"column":46},"end":{"line":357,"column":70}},{"start":{"line":357,"column":73},"end":{"line":357,"column":74}}],"line":357},"14":{"loc":{"start":{"line":391,"column":4},"end":{"line":396,"column":5}},"type":"if","locations":[{"start":{"line":391,"column":4},"end":{"line":396,"column":5}},{"start":{},"end":{}}],"line":391},"15":{"loc":{"start":{"line":400,"column":21},"end":{"line":400,"column":74}},"type":"binary-expr","locations":[{"start":{"line":400,"column":21},"end":{"line":400,"column":42}},{"start":{"line":400,"column":46},"end":{"line":400,"column":74}}],"line":400},"16":{"loc":{"start":{"line":402,"column":4},"end":{"line":407,"column":5}},"type":"if","locations":[{"start":{"line":402,"column":4},"end":{"line":407,"column":5}},{"start":{},"end":{}}],"line":402},"17":{"loc":{"start":{"line":402,"column":8},"end":{"line":402,"column":29}},"type":"binary-expr","locations":[{"start":{"line":402,"column":8},"end":{"line":402,"column":16}},{"start":{"line":402,"column":20},"end":{"line":402,"column":29}}],"line":402},"18":{"loc":{"start":{"line":410,"column":4},"end":{"line":412,"column":5}},"type":"if","locations":[{"start":{"line":410,"column":4},"end":{"line":412,"column":5}},{"start":{},"end":{}}],"line":410},"19":{"loc":{"start":{"line":473,"column":2},"end":{"line":485,"column":3}},"type":"if","locations":[{"start":{"line":473,"column":2},"end":{"line":485,"column":3}},{"start":{},"end":{}}],"line":473},"20":{"loc":{"start":{"line":476,"column":4},"end":{"line":482,"column":5}},"type":"if","locations":[{"start":{"line":476,"column":4},"end":{"line":482,"column":5}},{"start":{"line":478,"column":11},"end":{"line":482,"column":5}}],"line":476},"21":{"loc":{"start":{"line":478,"column":11},"end":{"line":482,"column":5}},"type":"if","locations":[{"start":{"line":478,"column":11},"end":{"line":482,"column":5}},{"start":{"line":480,"column":11},"end":{"line":482,"column":5}}],"line":478},"22":{"loc":{"start":{"line":480,"column":11},"end":{"line":482,"column":5}},"type":"if","locations":[{"start":{"line":480,"column":11},"end":{"line":482,"column":5}},{"start":{},"end":{}}],"line":480},"23":{"loc":{"start":{"line":495,"column":2},"end":{"line":495,"column":41}},"type":"if","locations":[{"start":{"line":495,"column":2},"end":{"line":495,"column":41}},{"start":{},"end":{}}],"line":495},"24":{"loc":{"start":{"line":498,"column":4},"end":{"line":501,"column":5}},"type":"if","locations":[{"start":{"line":498,"column":4},"end":{"line":501,"column":5}},{"start":{},"end":{}}],"line":498},"25":{"loc":{"start":{"line":498,"column":8},"end":{"line":498,"column":60}},"type":"binary-expr","locations":[{"start":{"line":498,"column":8},"end":{"line":498,"column":25}},{"start":{"line":498,"column":29},"end":{"line":498,"column":60}}],"line":498},"26":{"loc":{"start":{"line":512,"column":2},"end":{"line":512,"column":54}},"type":"if","locations":[{"start":{"line":512,"column":2},"end":{"line":512,"column":54}},{"start":{},"end":{}}],"line":512},"27":{"loc":{"start":{"line":519,"column":19},"end":{"line":519,"column":35}},"type":"binary-expr","locations":[{"start":{"line":519,"column":19},"end":{"line":519,"column":30}},{"start":{"line":519,"column":34},"end":{"line":519,"column":35}}],"line":519},"28":{"loc":{"start":{"line":525,"column":9},"end":{"line":525,"column":30}},"type":"binary-expr","locations":[{"start":{"line":525,"column":9},"end":{"line":525,"column":17}},{"start":{"line":525,"column":21},"end":{"line":525,"column":30}}],"line":525}},"s":{"0":4,"1":4,"2":4,"3":4,"4":4,"5":4,"6":4,"7":0,"8":0,"9":0,"10":0,"11":0,"12":0,"13":0,"14":0,"15":0,"16":0,"17":0,"18":0,"19":0,"20":0,"21":0,"22":0,"23":0,"24":0,"25":0,"26":0,"27":0,"28":0,"29":0,"30":0,"31":0,"32":0,"33":4,"34":0,"35":0,"36":0,"37":0,"38":0,"39":0,"40":0,"41":0,"42":0,"43":0,"44":0,"45":4,"46":0,"47":0,"48":0,"49":0,"50":0,"51":0,"52":0,"53":0,"54":0,"55":0,"56":0,"57":0,"58":4,"59":0,"60":0,"61":0,"62":0,"63":0,"64":0,"65":0,"66":0,"67":0,"68":0,"69":0,"70":0,"71":0,"72":0,"73":4,"74":0,"75":0,"76":0,"77":0,"78":0,"79":0,"80":0,"81":0,"82":0,"83":0,"84":4,"85":0,"86":0,"87":0,"88":0,"89":0,"90":0,"91":0,"92":4,"93":0,"94":0,"95":0,"96":0,"97":0,"98":0,"99":0,"100":0,"101":0,"102":0,"103":0,"104":0,"105":0,"106":0,"107":4,"108":0,"109":0,"110":0,"111":0,"112":0,"113":0,"114":0,"115":0,"116":4,"117":0,"118":0,"119":0,"120":0,"121":0,"122":0,"123":0,"124":0,"125":0,"126":0,"127":0,"128":0,"129":0,"130":0,"131":0,"132":4,"133":0,"134":0,"135":0,"136":0,"137":0,"138":0,"139":0,"140":0,"141":0,"142":4,"143":0,"144":0,"145":0,"146":0,"147":0,"148":0,"149":0,"150":0,"151":0,"152":0,"153":0,"154":0,"155":0,"156":4},"f":{"0":0,"1":0,"2":0,"3":0,"4":0,"5":0,"6":0,"7":0,"8":0,"9":0,"10":0,"11":0,"12":0,"13":0,"14":0,"15":0,"16":0,"17":0,"18":0,"19":0,"20":0,"21":0,"22":0},"b":{"0":[0,0],"1":[0,0],"2":[0,0],"3":[0,0],"4":[0,0],"5":[0,0],"6":[0,0],"7":[0,0],"8":[0,0],"9":[0],"10":[0],"11":[0,0],"12":[0,0],"13":[0,0],"14":[0,0],"15":[0,0],"16":[0,0],"17":[0,0],"18":[0,0],"19":[0,0],"20":[0,0],"21":[0,0],"22":[0,0],"23":[0,0],"24":[0,0],"25":[0,0],"26":[0,0],"27":[0,0],"28":[0,0]},"_coverageSchema":"1a1c01bbd47fc00a2c39e90264f33305004495a9","hash":"4da3590ae18179e3d76cb588d55bfa7de0aa174e"}
,"D:\\5th Semester IIITS\\Information Security\\Project\\Editorial\\backendAmit\\backend\\controllers\\adminController.js": {"path":"D:\\5th Semester IIITS\\Information Security\\Project\\Editorial\\backendAmit\\backend\\controllers\\adminController.js","statementMap":{"0":{"start":{"line":2,"column":13},"end":{"line":2,"column":38}},"1":{"start":{"line":3,"column":19},"end":{"line":3,"column":50}},"2":{"start":{"line":4,"column":19},"end":{"line":4,"column":50}},"3":{"start":{"line":5,"column":21},"end":{"line":5,"column":56}},"4":{"start":{"line":6,"column":29},"end":{"line":6,"column":57}},"5":{"start":{"line":8,"column":0},"end":{"line":49,"column":2}},"6":{"start":{"line":9,"column":2},"end":{"line":48,"column":3}},"7":{"start":{"line":18,"column":8},"end":{"line":26,"column":6}},"8":{"start":{"line":28,"column":4},"end":{"line":41,"column":7}},"9":{"start":{"line":43,"column":4},"end":{"line":47,"column":7}},"10":{"start":{"line":51,"column":0},"end":{"line":125,"column":2}},"11":{"start":{"line":52,"column":2},"end":{"line":124,"column":3}},"12":{"start":{"line":53,"column":19},"end":{"line":53,"column":40}},"13":{"start":{"line":54,"column":4},"end":{"line":60,"column":5}},"14":{"start":{"line":55,"column":6},"end":{"line":59,"column":9}},"15":{"start":{"line":62,"column":50},"end":{"line":62,"column":58}},"16":{"start":{"line":64,"column":23},"end":{"line":64,"column":62}},"17":{"start":{"line":65,"column":21},"end":{"line":65,"column":52}},"18":{"start":{"line":66,"column":19},"end":{"line":66,"column":30}},"19":{"start":{"line":68,"column":4},"end":{"line":73,"column":5}},"20":{"start":{"line":69,"column":6},"end":{"line":72,"column":9}},"21":{"start":{"line":75,"column":4},"end":{"line":80,"column":5}},"22":{"start":{"line":76,"column":6},"end":{"line":79,"column":9}},"23":{"start":{"line":83,"column":31},"end":{"line":87,"column":6}},"24":{"start":{"line":89,"column":4},"end":{"line":94,"column":5}},"25":{"start":{"line":90,"column":6},"end":{"line":93,"column":9}},"26":{"start":{"line":96,"column":23},"end":{"line":102,"column":6}},"27":{"start":{"line":104,"column":4},"end":{"line":104,"column":28}},"28":{"start":{"line":107,"column":4},"end":{"line":107,"column":39}},"29":{"start":{"line":108,"column":4},"end":{"line":108,"column":28}},"30":{"start":{"line":111,"column":4},"end":{"line":111,"column":86}},"31":{"start":{"line":113,"column":4},"end":{"line":117,"column":7}},"32":{"start":{"line":119,"column":4},"end":{"line":123,"column":7}},"33":{"start":{"line":127,"column":0},"end":{"line":155,"column":2}},"34":{"start":{"line":128,"column":2},"end":{"line":154,"column":3}},"35":{"start":{"line":129,"column":30},"end":{"line":129,"column":38}},"36":{"start":{"line":131,"column":17},"end":{"line":131,"column":44}},"37":{"start":{"line":132,"column":4},"end":{"line":137,"column":5}},"38":{"start":{"line":133,"column":6},"end":{"line":136,"column":9}},"39":{"start":{"line":140,"column":4},"end":{"line":140,"column":45}},"40":{"start":{"line":141,"column":4},"end":{"line":141,"column":22}},"41":{"start":{"line":143,"column":4},"end":{"line":147,"column":7}},"42":{"start":{"line":149,"column":4},"end":{"line":153,"column":7}}},"fnMap":{"0":{"name":"(anonymous_0)","decl":{"start":{"line":8,"column":28},"end":{"line":8,"column":29}},"loc":{"start":{"line":8,"column":48},"end":{"line":49,"column":1}},"line":8},"1":{"name":"(anonymous_1)","decl":{"start":{"line":51,"column":25},"end":{"line":51,"column":26}},"loc":{"start":{"line":51,"column":45},"end":{"line":125,"column":1}},"line":51},"2":{"name":"(anonymous_2)","decl":{"start":{"line":127,"column":26},"end":{"line":127,"column":27}},"loc":{"start":{"line":127,"column":46},"end":{"line":155,"column":1}},"line":127}},"branchMap":{"0":{"loc":{"start":{"line":54,"column":4},"end":{"line":60,"column":5}},"type":"if","locations":[{"start":{"line":54,"column":4},"end":{"line":60,"column":5}},{"start":{},"end":{}}],"line":54},"1":{"loc":{"start":{"line":68,"column":4},"end":{"line":73,"column":5}},"type":"if","locations":[{"start":{"line":68,"column":4},"end":{"line":73,"column":5}},{"start":{},"end":{}}],"line":68},"2":{"loc":{"start":{"line":75,"column":4},"end":{"line":80,"column":5}},"type":"if","locations":[{"start":{"line":75,"column":4},"end":{"line":80,"column":5}},{"start":{},"end":{}}],"line":75},"3":{"loc":{"start":{"line":75,"column":8},"end":{"line":75,"column":45}},"type":"binary-expr","locations":[{"start":{"line":75,"column":8},"end":{"line":75,"column":17}},{"start":{"line":75,"column":21},"end":{"line":75,"column":45}}],"line":75},"4":{"loc":{"start":{"line":89,"column":4},"end":{"line":94,"column":5}},"type":"if","locations":[{"start":{"line":89,"column":4},"end":{"line":94,"column":5}},{"start":{},"end":{}}],"line":89},"5":{"loc":{"start":{"line":132,"column":4},"end":{"line":137,"column":5}},"type":"if","locations":[{"start":{"line":132,"column":4},"end":{"line":137,"column":5}},{"start":{},"end":{}}],"line":132}},"s":{"0":4,"1":4,"2":4,"3":4,"4":4,"5":4,"6":0,"7":0,"8":0,"9":0,"10":4,"11":0,"12":0,"13":0,"14":0,"15":0,"16":0,"17":0,"18":0,"19":0,"20":0,"21":0,"22":0,"23":0,"24":0,"25":0,"26":0,"27":0,"28":0,"29":0,"30":0,"31":0,"32":0,"33":4,"34":0,"35":0,"36":0,"37":0,"38":0,"39":0,"40":0,"41":0,"42":0},"f":{"0":0,"1":0,"2":0},"b":{"0":[0,0],"1":[0,0],"2":[0,0],"3":[0,0],"4":[0,0],"5":[0,0]},"_coverageSchema":"1a1c01bbd47fc00a2c39e90264f33305004495a9","hash":"23c5c2c61a0016809f551218f06194316129432d"}
,"D:\\5th Semester IIITS\\Information Security\\Project\\Editorial\\backendAmit\\backend\\controllers\\authController.js": {"path":"D:\\5th Semester IIITS\\Information Security\\Project\\Editorial\\backendAmit\\backend\\controllers\\authController.js","statementMap":{"0":{"start":{"line":2,"column":13},"end":{"line":2,"column":38}},"1":{"start":{"line":3,"column":12},"end":{"line":3,"column":35}},"2":{"start":{"line":4,"column":15},"end":{"line":4,"column":39}},"3":{"start":{"line":5,"column":29},"end":{"line":5,"column":57}},"4":{"start":{"line":7,"column":22},"end":{"line":11,"column":1}},"5":{"start":{"line":8,"column":2},"end":{"line":10,"column":5}},"6":{"start":{"line":13,"column":0},"end":{"line":73,"column":2}},"7":{"start":{"line":14,"column":2},"end":{"line":72,"column":3}},"8":{"start":{"line":15,"column":19},"end":{"line":15,"column":40}},"9":{"start":{"line":16,"column":4},"end":{"line":22,"column":5}},"10":{"start":{"line":17,"column":6},"end":{"line":21,"column":9}},"11":{"start":{"line":24,"column":75},"end":{"line":24,"column":83}},"12":{"start":{"line":27,"column":25},"end":{"line":27,"column":54}},"13":{"start":{"line":28,"column":4},"end":{"line":33,"column":5}},"14":{"start":{"line":29,"column":6},"end":{"line":32,"column":9}},"15":{"start":{"line":36,"column":17},"end":{"line":45,"column":6}},"16":{"start":{"line":47,"column":4},"end":{"line":47,"column":22}},"17":{"start":{"line":50,"column":18},"end":{"line":50,"column":41}},"18":{"start":{"line":52,"column":4},"end":{"line":65,"column":7}},"19":{"start":{"line":67,"column":4},"end":{"line":71,"column":7}},"20":{"start":{"line":75,"column":0},"end":{"line":130,"column":2}},"21":{"start":{"line":76,"column":2},"end":{"line":129,"column":3}},"22":{"start":{"line":77,"column":19},"end":{"line":77,"column":40}},"23":{"start":{"line":78,"column":4},"end":{"line":84,"column":5}},"24":{"start":{"line":79,"column":6},"end":{"line":83,"column":9}},"25":{"start":{"line":86,"column":32},"end":{"line":86,"column":40}},"26":{"start":{"line":89,"column":17},"end":{"line":89,"column":66}},"27":{"start":{"line":90,"column":4},"end":{"line":95,"column":5}},"28":{"start":{"line":91,"column":6},"end":{"line":94,"column":9}},"29":{"start":{"line":98,"column":28},"end":{"line":98,"column":64}},"30":{"start":{"line":99,"column":4},"end":{"line":104,"column":5}},"31":{"start":{"line":100,"column":6},"end":{"line":103,"column":9}},"32":{"start":{"line":107,"column":18},"end":{"line":107,"column":41}},"33":{"start":{"line":109,"column":4},"end":{"line":122,"column":7}},"34":{"start":{"line":124,"column":4},"end":{"line":128,"column":7}},"35":{"start":{"line":132,"column":0},"end":{"line":147,"column":2}},"36":{"start":{"line":133,"column":2},"end":{"line":146,"column":3}},"37":{"start":{"line":134,"column":17},"end":{"line":134,"column":49}},"38":{"start":{"line":136,"column":4},"end":{"line":139,"column":7}},"39":{"start":{"line":141,"column":4},"end":{"line":145,"column":7}}},"fnMap":{"0":{"name":"(anonymous_0)","decl":{"start":{"line":7,"column":22},"end":{"line":7,"column":23}},"loc":{"start":{"line":7,"column":34},"end":{"line":11,"column":1}},"line":7},"1":{"name":"(anonymous_1)","decl":{"start":{"line":13,"column":19},"end":{"line":13,"column":20}},"loc":{"start":{"line":13,"column":39},"end":{"line":73,"column":1}},"line":13},"2":{"name":"(anonymous_2)","decl":{"start":{"line":75,"column":16},"end":{"line":75,"column":17}},"loc":{"start":{"line":75,"column":36},"end":{"line":130,"column":1}},"line":75},"3":{"name":"(anonymous_3)","decl":{"start":{"line":132,"column":21},"end":{"line":132,"column":22}},"loc":{"start":{"line":132,"column":41},"end":{"line":147,"column":1}},"line":132}},"branchMap":{"0":{"loc":{"start":{"line":16,"column":4},"end":{"line":22,"column":5}},"type":"if","locations":[{"start":{"line":16,"column":4},"end":{"line":22,"column":5}},{"start":{},"end":{}}],"line":16},"1":{"loc":{"start":{"line":28,"column":4},"end":{"line":33,"column":5}},"type":"if","locations":[{"start":{"line":28,"column":4},"end":{"line":33,"column":5}},{"start":{},"end":{}}],"line":28},"2":{"loc":{"start":{"line":78,"column":4},"end":{"line":84,"column":5}},"type":"if","locations":[{"start":{"line":78,"column":4},"end":{"line":84,"column":5}},{"start":{},"end":{}}],"line":78},"3":{"loc":{"start":{"line":90,"column":4},"end":{"line":95,"column":5}},"type":"if","locations":[{"start":{"line":90,"column":4},"end":{"line":95,"column":5}},{"start":{},"end":{}}],"line":90},"4":{"loc":{"start":{"line":99,"column":4},"end":{"line":104,"column":5}},"type":"if","locations":[{"start":{"line":99,"column":4},"end":{"line":104,"column":5}},{"start":{},"end":{}}],"line":99}},"s":{"0":4,"1":4,"2":4,"3":4,"4":4,"5":6,"6":4,"7":7,"8":7,"9":7,"10":1,"11":6,"12":6,"13":6,"14":1,"15":5,"16":5,"17":5,"18":5,"19":0,"20":4,"21":2,"22":2,"23":2,"24":0,"25":2,"26":2,"27":2,"28":0,"29":2,"30":2,"31":1,"32":1,"33":1,"34":0,"35":4,"36":1,"37":1,"38":1,"39":0},"f":{"0":6,"1":7,"2":2,"3":1},"b":{"0":[1,6],"1":[1,5],"2":[0,2],"3":[0,2],"4":[1,1]},"_coverageSchema":"1a1c01bbd47fc00a2c39e90264f33305004495a9","hash":"1d834a45e261fa667030f3e7e565dc690d000ed2"}
,"D:\\5th Semester IIITS\\Information Security\\Project\\Editorial\\backendAmit\\backend\\controllers\\manuscriptController.js": {"path":"D:\\5th Semester IIITS\\Information Security\\Project\\Editorial\\backendAmit\\backend\\controllers\\manuscriptController.js","statementMap":{"0":{"start":{"line":1,"column":19},"end":{"line":1,"column":50}},"1":{"start":{"line":2,"column":13},"end":{"line":2,"column":38}},"2":{"start":{"line":3,"column":31},"end":{"line":3,"column":62}},"3":{"start":{"line":4,"column":21},"end":{"line":4,"column":56}},"4":{"start":{"line":5,"column":29},"end":{"line":5,"column":57}},"5":{"start":{"line":7,"column":0},"end":{"line":112,"column":2}},"6":{"start":{"line":8,"column":2},"end":{"line":111,"column":3}},"7":{"start":{"line":9,"column":19},"end":{"line":9,"column":40}},"8":{"start":{"line":10,"column":4},"end":{"line":16,"column":5}},"9":{"start":{"line":11,"column":6},"end":{"line":15,"column":9}},"10":{"start":{"line":18,"column":4},"end":{"line":23,"column":5}},"11":{"start":{"line":19,"column":6},"end":{"line":22,"column":9}},"12":{"start":{"line":25,"column":50},"end":{"line":25,"column":58}},"13":{"start":{"line":30,"column":4},"end":{"line":58,"column":5}},"14":{"start":{"line":32,"column":6},"end":{"line":49,"column":7}},"15":{"start":{"line":33,"column":33},"end":{"line":33,"column":74}},"16":{"start":{"line":34,"column":8},"end":{"line":39,"column":10}},"17":{"start":{"line":41,"column":8},"end":{"line":41,"column":75}},"18":{"start":{"line":43,"column":8},"end":{"line":48,"column":10}},"19":{"start":{"line":52,"column":6},"end":{"line":57,"column":8}},"20":{"start":{"line":61,"column":18},"end":{"line":61,"column":42}},"21":{"start":{"line":62,"column":23},"end":{"line":62,"column":42}},"22":{"start":{"line":63,"column":23},"end":{"line":63,"column":48}},"23":{"start":{"line":64,"column":24},"end":{"line":64,"column":54}},"24":{"start":{"line":66,"column":23},"end":{"line":83,"column":6}},"25":{"start":{"line":69,"column":56},"end":{"line":69,"column":64}},"26":{"start":{"line":85,"column":4},"end":{"line":85,"column":28}},"27":{"start":{"line":88,"column":4},"end":{"line":96,"column":5}},"28":{"start":{"line":89,"column":28},"end":{"line":89,"column":79}},"29":{"start":{"line":90,"column":6},"end":{"line":92,"column":7}},"30":{"start":{"line":91,"column":8},"end":{"line":91,"column":80}},"31":{"start":{"line":94,"column":6},"end":{"line":94,"column":62}},"32":{"start":{"line":98,"column":4},"end":{"line":102,"column":7}},"33":{"start":{"line":104,"column":4},"end":{"line":104,"column":53}},"34":{"start":{"line":106,"column":4},"end":{"line":110,"column":7}},"35":{"start":{"line":114,"column":0},"end":{"line":133,"column":2}},"36":{"start":{"line":115,"column":2},"end":{"line":132,"column":3}},"37":{"start":{"line":116,"column":24},"end":{"line":120,"column":28}},"38":{"start":{"line":122,"column":4},"end":{"line":125,"column":7}},"39":{"start":{"line":127,"column":4},"end":{"line":131,"column":7}},"40":{"start":{"line":135,"column":0},"end":{"line":173,"column":2}},"41":{"start":{"line":136,"column":2},"end":{"line":172,"column":3}},"42":{"start":{"line":137,"column":23},"end":{"line":140,"column":69}},"43":{"start":{"line":142,"column":4},"end":{"line":147,"column":5}},"44":{"start":{"line":143,"column":6},"end":{"line":146,"column":9}},"45":{"start":{"line":150,"column":21},"end":{"line":152,"column":5}},"46":{"start":{"line":151,"column":6},"end":{"line":151,"column":48}},"47":{"start":{"line":153,"column":21},"end":{"line":153,"column":74}},"48":{"start":{"line":155,"column":4},"end":{"line":160,"column":5}},"49":{"start":{"line":156,"column":6},"end":{"line":159,"column":9}},"50":{"start":{"line":162,"column":4},"end":{"line":165,"column":7}},"51":{"start":{"line":167,"column":4},"end":{"line":171,"column":7}}},"fnMap":{"0":{"name":"(anonymous_0)","decl":{"start":{"line":7,"column":27},"end":{"line":7,"column":28}},"loc":{"start":{"line":7,"column":47},"end":{"line":112,"column":1}},"line":7},"1":{"name":"(anonymous_1)","decl":{"start":{"line":69,"column":51},"end":{"line":69,"column":52}},"loc":{"start":{"line":69,"column":56},"end":{"line":69,"column":64}},"line":69},"2":{"name":"(anonymous_2)","decl":{"start":{"line":114,"column":27},"end":{"line":114,"column":28}},"loc":{"start":{"line":114,"column":47},"end":{"line":133,"column":1}},"line":114},"3":{"name":"(anonymous_3)","decl":{"start":{"line":135,"column":24},"end":{"line":135,"column":25}},"loc":{"start":{"line":135,"column":44},"end":{"line":173,"column":1}},"line":135},"4":{"name":"(anonymous_4)","decl":{"start":{"line":150,"column":45},"end":{"line":150,"column":46}},"loc":{"start":{"line":151,"column":6},"end":{"line":151,"column":48}},"line":151}},"branchMap":{"0":{"loc":{"start":{"line":10,"column":4},"end":{"line":16,"column":5}},"type":"if","locations":[{"start":{"line":10,"column":4},"end":{"line":16,"column":5}},{"start":{},"end":{}}],"line":10},"1":{"loc":{"start":{"line":18,"column":4},"end":{"line":23,"column":5}},"type":"if","locations":[{"start":{"line":18,"column":4},"end":{"line":23,"column":5}},{"start":{},"end":{}}],"line":18},"2":{"loc":{"start":{"line":30,"column":4},"end":{"line":58,"column":5}},"type":"if","locations":[{"start":{"line":30,"column":4},"end":{"line":58,"column":5}},{"start":{"line":50,"column":11},"end":{"line":58,"column":5}}],"line":30},"3":{"loc":{"start":{"line":62,"column":23},"end":{"line":62,"column":42}},"type":"cond-expr","locations":[{"start":{"line":62,"column":36},"end":{"line":62,"column":37}},{"start":{"line":62,"column":40},"end":{"line":62,"column":42}}],"line":62},"4":{"loc":{"start":{"line":63,"column":23},"end":{"line":63,"column":48}},"type":"cond-expr","locations":[{"start":{"line":63,"column":35},"end":{"line":63,"column":44}},{"start":{"line":63,"column":47},"end":{"line":63,"column":48}}],"line":63},"5":{"loc":{"start":{"line":69,"column":16},"end":{"line":69,"column":70}},"type":"cond-expr","locations":[{"start":{"line":69,"column":27},"end":{"line":69,"column":65}},{"start":{"line":69,"column":68},"end":{"line":69,"column":70}}],"line":69},"6":{"loc":{"start":{"line":90,"column":6},"end":{"line":92,"column":7}},"type":"if","locations":[{"start":{"line":90,"column":6},"end":{"line":92,"column":7}},{"start":{},"end":{}}],"line":90},"7":{"loc":{"start":{"line":109,"column":13},"end":{"line":109,"column":92}},"type":"cond-expr","locations":[{"start":{"line":109,"column":53},"end":{"line":109,"column":76}},{"start":{"line":109,"column":79},"end":{"line":109,"column":92}}],"line":109},"8":{"loc":{"start":{"line":142,"column":4},"end":{"line":147,"column":5}},"type":"if","locations":[{"start":{"line":142,"column":4},"end":{"line":147,"column":5}},{"start":{},"end":{}}],"line":142},"9":{"loc":{"start":{"line":153,"column":21},"end":{"line":153,"column":74}},"type":"binary-expr","locations":[{"start":{"line":153,"column":21},"end":{"line":153,"column":42}},{"start":{"line":153,"column":46},"end":{"line":153,"column":74}}],"line":153},"10":{"loc":{"start":{"line":155,"column":4},"end":{"line":160,"column":5}},"type":"if","locations":[{"start":{"line":155,"column":4},"end":{"line":160,"column":5}},{"start":{},"end":{}}],"line":155},"11":{"loc":{"start":{"line":155,"column":8},"end":{"line":155,"column":30}},"type":"binary-expr","locations":[{"start":{"line":155,"column":8},"end":{"line":155,"column":17}},{"start":{"line":155,"column":21},"end":{"line":155,"column":30}}],"line":155}},"s":{"0":4,"1":4,"2":4,"3":4,"4":4,"5":4,"6":0,"7":0,"8":0,"9":0,"10":0,"11":0,"12":0,"13":0,"14":0,"15":0,"16":0,"17":0,"18":0,"19":0,"20":0,"21":0,"22":0,"23":0,"24":0,"25":0,"26":0,"27":0,"28":0,"29":0,"30":0,"31":0,"32":0,"33":0,"34":0,"35":4,"36":0,"37":0,"38":0,"39":0,"40":4,"41":0,"42":0,"43":0,"44":0,"45":0,"46":0,"47":0,"48":0,"49":0,"50":0,"51":0},"f":{"0":0,"1":0,"2":0,"3":0,"4":0},"b":{"0":[0,0],"1":[0,0],"2":[0,0],"3":[0,0],"4":[0,0],"5":[0,0],"6":[0,0],"7":[0,0],"8":[0,0],"9":[0,0],"10":[0,0],"11":[0,0]},"_coverageSchema":"1a1c01bbd47fc00a2c39e90264f33305004495a9","hash":"f5e17568be3d8a9cf40b898c61f79a537feeeabd"}
,"D:\\5th Semester IIITS\\Information Security\\Project\\Editorial\\backendAmit\\backend\\middleware\\auth.js": {"path":"D:\\5th Semester IIITS\\Information Security\\Project\\Editorial\\backendAmit\\backend\\middleware\\auth.js","statementMap":{"0":{"start":{"line":2,"column":12},"end":{"line":2,"column":35}},"1":{"start":{"line":3,"column":13},"end":{"line":3,"column":38}},"2":{"start":{"line":4,"column":15},"end":{"line":4,"column":39}},"3":{"start":{"line":6,"column":13},"end":{"line":42,"column":1}},"4":{"start":{"line":7,"column":2},"end":{"line":41,"column":3}},"5":{"start":{"line":8,"column":18},"end":{"line":8,"column":69}},"6":{"start":{"line":10,"column":4},"end":{"line":15,"column":5}},"7":{"start":{"line":11,"column":6},"end":{"line":14,"column":9}},"8":{"start":{"line":17,"column":20},"end":{"line":17,"column":56}},"9":{"start":{"line":18,"column":17},"end":{"line":18,"column":68}},"10":{"start":{"line":20,"column":4},"end":{"line":25,"column":5}},"11":{"start":{"line":21,"column":6},"end":{"line":24,"column":9}},"12":{"start":{"line":27,"column":4},"end":{"line":32,"column":5}},"13":{"start":{"line":28,"column":6},"end":{"line":31,"column":9}},"14":{"start":{"line":34,"column":4},"end":{"line":34,"column":20}},"15":{"start":{"line":35,"column":4},"end":{"line":35,"column":11}},"16":{"start":{"line":37,"column":4},"end":{"line":40,"column":7}},"17":{"start":{"line":44,"column":18},"end":{"line":56,"column":1}},"18":{"start":{"line":45,"column":2},"end":{"line":55,"column":4}},"19":{"start":{"line":46,"column":20},"end":{"line":46,"column":60}},"20":{"start":{"line":46,"column":39},"end":{"line":46,"column":59}},"21":{"start":{"line":48,"column":4},"end":{"line":53,"column":5}},"22":{"start":{"line":49,"column":6},"end":{"line":52,"column":9}},"23":{"start":{"line":54,"column":4},"end":{"line":54,"column":11}},"24":{"start":{"line":58,"column":0},"end":{"line":58,"column":37}}},"fnMap":{"0":{"name":"(anonymous_0)","decl":{"start":{"line":6,"column":13},"end":{"line":6,"column":14}},"loc":{"start":{"line":6,"column":39},"end":{"line":42,"column":1}},"line":6},"1":{"name":"(anonymous_1)","decl":{"start":{"line":44,"column":18},"end":{"line":44,"column":19}},"loc":{"start":{"line":44,"column":32},"end":{"line":56,"column":1}},"line":44},"2":{"name":"(anonymous_2)","decl":{"start":{"line":45,"column":9},"end":{"line":45,"column":10}},"loc":{"start":{"line":45,"column":29},"end":{"line":55,"column":3}},"line":45},"3":{"name":"(anonymous_3)","decl":{"start":{"line":46,"column":31},"end":{"line":46,"column":32}},"loc":{"start":{"line":46,"column":39},"end":{"line":46,"column":59}},"line":46}},"branchMap":{"0":{"loc":{"start":{"line":10,"column":4},"end":{"line":15,"column":5}},"type":"if","locations":[{"start":{"line":10,"column":4},"end":{"line":15,"column":5}},{"start":{},"end":{}}],"line":10},"1":{"loc":{"start":{"line":20,"column":4},"end":{"line":25,"column":5}},"type":"if","locations":[{"start":{"line":20,"column":4},"end":{"line":25,"column":5}},{"start":{},"end":{}}],"line":20},"2":{"loc":{"start":{"line":27,"column":4},"end":{"line":32,"column":5}},"type":"if","locations":[{"start":{"line":27,"column":4},"end":{"line":32,"column":5}},{"start":{},"end":{}}],"line":27},"3":{"loc":{"start":{"line":48,"column":4},"end":{"line":53,"column":5}},"type":"if","locations":[{"start":{"line":48,"column":4},"end":{"line":53,"column":5}},{"start":{},"end":{}}],"line":48}},"s":{"0":4,"1":4,"2":4,"3":4,"4":4,"5":4,"6":4,"7":3,"8":1,"9":1,"10":1,"11":0,"12":1,"13":0,"14":1,"15":1,"16":0,"17":4,"18":44,"19":0,"20":0,"21":0,"22":0,"23":0,"24":4},"f":{"0":4,"1":44,"2":0,"3":0},"b":{"0":[3,1],"1":[0,1],"2":[0,1],"3":[0,0]},"_coverageSchema":"1a1c01bbd47fc00a2c39e90264f33305004495a9","hash":"79e1d3aa83a7e6295fd30c982a51d6527fda3bf9"}
,"D:\\5th Semester IIITS\\Information Security\\Project\\Editorial\\backendAmit\\backend\\middleware\\upload.js": {"path":"D:\\5th Semester IIITS\\Information Security\\Project\\Editorial\\backendAmit\\backend\\middleware\\upload.js","statementMap":{"0":{"start":{"line":2,"column":15},"end":{"line":2,"column":32}},"1":{"start":{"line":3,"column":26},"end":{"line":3,"column":62}},"2":{"start":{"line":4,"column":19},"end":{"line":4,"column":50}},"3":{"start":{"line":5,"column":15},"end":{"line":5,"column":39}},"4":{"start":{"line":8,"column":22},"end":{"line":8,"column":44}},"5":{"start":{"line":12,"column":0},"end":{"line":27,"column":1}},"6":{"start":{"line":13,"column":2},"end":{"line":23,"column":5}},"7":{"start":{"line":20,"column":8},"end":{"line":20,"column":42}},"8":{"start":{"line":25,"column":2},"end":{"line":25,"column":82}},"9":{"start":{"line":26,"column":2},"end":{"line":26,"column":26}},"10":{"start":{"line":29,"column":19},"end":{"line":35,"column":1}},"11":{"start":{"line":30,"column":2},"end":{"line":34,"column":3}},"12":{"start":{"line":31,"column":4},"end":{"line":31,"column":19}},"13":{"start":{"line":33,"column":4},"end":{"line":33,"column":55}},"14":{"start":{"line":37,"column":15},"end":{"line":43,"column":2}},"15":{"start":{"line":46,"column":27},"end":{"line":61,"column":1}},"16":{"start":{"line":47,"column":2},"end":{"line":60,"column":5}},"17":{"start":{"line":48,"column":25},"end":{"line":58,"column":5}},"18":{"start":{"line":55,"column":8},"end":{"line":56,"column":29}},"19":{"start":{"line":55,"column":19},"end":{"line":55,"column":33}},"20":{"start":{"line":56,"column":13},"end":{"line":56,"column":29}},"21":{"start":{"line":59,"column":4},"end":{"line":59,"column":29}},"22":{"start":{"line":63,"column":27},"end":{"line":78,"column":1}},"23":{"start":{"line":64,"column":2},"end":{"line":76,"column":3}},"24":{"start":{"line":65,"column":4},"end":{"line":70,"column":5}},"25":{"start":{"line":66,"column":6},"end":{"line":69,"column":9}},"26":{"start":{"line":71,"column":9},"end":{"line":76,"column":3}},"27":{"start":{"line":72,"column":4},"end":{"line":75,"column":7}},"28":{"start":{"line":77,"column":2},"end":{"line":77,"column":9}},"29":{"start":{"line":80,"column":0},"end":{"line":85,"column":2}}},"fnMap":{"0":{"name":"(anonymous_0)","decl":{"start":{"line":19,"column":17},"end":{"line":19,"column":18}},"loc":{"start":{"line":19,"column":32},"end":{"line":21,"column":7}},"line":19},"1":{"name":"(anonymous_1)","decl":{"start":{"line":29,"column":19},"end":{"line":29,"column":20}},"loc":{"start":{"line":29,"column":38},"end":{"line":35,"column":1}},"line":29},"2":{"name":"(anonymous_2)","decl":{"start":{"line":46,"column":27},"end":{"line":46,"column":28}},"loc":{"start":{"line":46,"column":39},"end":{"line":61,"column":1}},"line":46},"3":{"name":"(anonymous_3)","decl":{"start":{"line":47,"column":21},"end":{"line":47,"column":22}},"loc":{"start":{"line":47,"column":42},"end":{"line":60,"column":3}},"line":47},"4":{"name":"(anonymous_4)","decl":{"start":{"line":54,"column":6},"end":{"line":54,"column":7}},"loc":{"start":{"line":54,"column":25},"end":{"line":57,"column":7}},"line":54},"5":{"name":"(anonymous_5)","decl":{"start":{"line":63,"column":27},"end":{"line":63,"column":28}},"loc":{"start":{"line":63,"column":52},"end":{"line":78,"column":1}},"line":63}},"branchMap":{"0":{"loc":{"start":{"line":30,"column":2},"end":{"line":34,"column":3}},"type":"if","locations":[{"start":{"line":30,"column":2},"end":{"line":34,"column":3}},{"start":{"line":32,"column":9},"end":{"line":34,"column":3}}],"line":30},"1":{"loc":{"start":{"line":55,"column":8},"end":{"line":56,"column":29}},"type":"if","locations":[{"start":{"line":55,"column":8},"end":{"line":56,"column":29}},{"start":{"line":56,"column":13},"end":{"line":56,"column":29}}],"line":55},"2":{"loc":{"start":{"line":64,"column":2},"end":{"line":76,"column":3}},"type":"if","locations":[{"start":{"line":64,"column":2},"end":{"line":76,"column":3}},{"start":{"line":71,"column":9},"end":{"line":76,"column":3}}],"line":64},"3":{"loc":{"start":{"line":65,"column":4},"end":{"line":70,"column":5}},"type":"if","locations":[{"start":{"line":65,"column":4},"end":{"line":70,"column":5}},{"start":{},"end":{}}],"line":65},"4":{"loc":{"start":{"line":71,"column":9},"end":{"line":76,"column":3}},"type":"if","locations":[{"start":{"line":71,"column":9},"end":{"line":76,"column":3}},{"start":{},"end":{}}],"line":71}},"s":{"0":4,"1":4,"2":4,"3":4,"4":4,"5":4,"6":4,"7":0,"8":0,"9":0,"10":4,"11":0,"12":0,"13":0,"14":4,"15":4,"16":0,"17":0,"18":0,"19":0,"20":0,"21":0,"22":4,"23":0,"24":0,"25":0,"26":0,"27":0,"28":0,"29":4},"f":{"0":0,"1":0,"2":0,"3":0,"4":0,"5":0},"b":{"0":[0,0],"1":[0,0],"2":[0,0],"3":[0,0],"4":[0,0]},"_coverageSchema":"1a1c01bbd47fc00a2c39e90264f33305004495a9","hash":"0f98eff3d71e9e7c2938ee10d02877e9210e032b"}
,"D:\\5th Semester IIITS\\Information Security\\Project\\Editorial\\backendAmit\\backend\\middleware\\validate.js": {"path":"D:\\5th Semester IIITS\\Information Security\\Project\\Editorial\\backendAmit\\backend\\middleware\\validate.js","statementMap":{"0":{"start":{"line":2,"column":29},"end":{"line":2,"column":57}},"1":{"start":{"line":4,"column":17},"end":{"line":18,"column":1}},"2":{"start":{"line":5,"column":17},"end":{"line":5,"column":38}},"3":{"start":{"line":6,"column":2},"end":{"line":16,"column":3}},"4":{"start":{"line":7,"column":4},"end":{"line":15,"column":7}},"5":{"start":{"line":10,"column":43},"end":{"line":14,"column":7}},"6":{"start":{"line":17,"column":2},"end":{"line":17,"column":9}},"7":{"start":{"line":20,"column":0},"end":{"line":20,"column":30}}},"fnMap":{"0":{"name":"(anonymous_0)","decl":{"start":{"line":4,"column":17},"end":{"line":4,"column":18}},"loc":{"start":{"line":4,"column":37},"end":{"line":18,"column":1}},"line":4},"1":{"name":"(anonymous_1)","decl":{"start":{"line":10,"column":33},"end":{"line":10,"column":34}},"loc":{"start":{"line":10,"column":43},"end":{"line":14,"column":7}},"line":10}},"branchMap":{"0":{"loc":{"start":{"line":6,"column":2},"end":{"line":16,"column":3}},"type":"if","locations":[{"start":{"line":6,"column":2},"end":{"line":16,"column":3}},{"start":{},"end":{}}],"line":6}},"s":{"0":4,"1":4,"2":0,"3":0,"4":0,"5":0,"6":0,"7":4},"f":{"0":0,"1":0},"b":{"0":[0,0]},"_coverageSchema":"1a1c01bbd47fc00a2c39e90264f33305004495a9","hash":"d5eb116e9b84a51d96bd04ec7f8a09cd25c515bb"}
,"D:\\5th Semester IIITS\\Information Security\\Project\\Editorial\\backendAmit\\backend\\models\\Assignment.js": {"path":"D:\\5th Semester IIITS\\Information Security\\Project\\Editorial\\backendAmit\\backend\\models\\Assignment.js","statementMap":{"0":{"start":{"line":2,"column":17},"end":{"line":2,"column":36}},"1":{"start":{"line":4,"column":25},"end":{"line":40,"column":2}},"2":{"start":{"line":42,"column":0},"end":{"line":42,"column":64}}},"fnMap":{},"branchMap":{},"s":{"0":4,"1":4,"2":4},"f":{},"b":{},"_coverageSchema":"1a1c01bbd47fc00a2c39e90264f33305004495a9","hash":"ca56adcb29bdd71b0fe96612118f58624649b6df"}
,"D:\\5th Semester IIITS\\Information Security\\Project\\Editorial\\backendAmit\\backend\\models\\Manuscript.js": {"path":"D:\\5th Semester IIITS\\Information Security\\Project\\Editorial\\backendAmit\\backend\\models\\Manuscript.js","statementMap":{"0":{"start":{"line":2,"column":17},"end":{"line":2,"column":36}},"1":{"start":{"line":4,"column":25},"end":{"line":80,"column":2}},"2":{"start":{"line":83,"column":0},"end":{"line":83,"column":49}},"3":{"start":{"line":84,"column":0},"end":{"line":84,"column":51}},"4":{"start":{"line":86,"column":0},"end":{"line":86,"column":64}}},"fnMap":{},"branchMap":{},"s":{"0":4,"1":4,"2":4,"3":4,"4":4},"f":{},"b":{},"_coverageSchema":"1a1c01bbd47fc00a2c39e90264f33305004495a9","hash":"bda5739b3c874def76d5888bd6d74af1498b2e45"}
,"D:\\5th Semester IIITS\\Information Security\\Project\\Editorial\\backendAmit\\backend\\models\\Review.js": {"path":"D:\\5th Semester IIITS\\Information Security\\Project\\Editorial\\backendAmit\\backend\\models\\Review.js","statementMap":{"0":{"start":{"line":2,"column":17},"end":{"line":2,"column":36}},"1":{"start":{"line":4,"column":21},"end":{"line":51,"column":2}},"2":{"start":{"line":53,"column":0},"end":{"line":53,"column":79}},"3":{"start":{"line":55,"column":0},"end":{"line":55,"column":56}}},"fnMap":{},"branchMap":{},"s":{"0":4,"1":4,"2":4,"3":4},"f":{},"b":{},"_coverageSchema":"1a1c01bbd47fc00a2c39e90264f33305004495a9","hash":"1d4e6514d3c34fcd80098a7f2bbc68c56aded780"}
,"D:\\5th Semester IIITS\\Information Security\\Project\\Editorial\\backendAmit\\backend\\models\\User.js": {"path":"D:\\5th Semester IIITS\\Information Security\\Project\\Editorial\\backendAmit\\backend\\models\\User.js","statementMap":{"0":{"start":{"line":2,"column":17},"end":{"line":2,"column":36}},"1":{"start":{"line":3,"column":15},"end":{"line":3,"column":34}},"2":{"start":{"line":5,"column":19},"end":{"line":47,"column":2}},"3":{"start":{"line":50,"column":0},"end":{"line":54,"column":3}},"4":{"start":{"line":51,"column":2},"end":{"line":51,"column":50}},"5":{"start":{"line":51,"column":36},"end":{"line":51,"column":50}},"6":{"start":{"line":52,"column":2},"end":{"line":52,"column":55}},"7":{"start":{"line":53,"column":2},"end":{"line":53,"column":9}},"8":{"start":{"line":57,"column":0},"end":{"line":59,"column":2}},"9":{"start":{"line":58,"column":2},"end":{"line":58,"column":64}},"10":{"start":{"line":62,"column":0},"end":{"line":64,"column":2}},"11":{"start":{"line":63,"column":2},"end":{"line":63,"column":35}},"12":{"start":{"line":66,"column":0},"end":{"line":66,"column":52}}},"fnMap":{"0":{"name":"(anonymous_0)","decl":{"start":{"line":50,"column":23},"end":{"line":50,"column":24}},"loc":{"start":{"line":50,"column":44},"end":{"line":54,"column":1}},"line":50},"1":{"name":"(anonymous_1)","decl":{"start":{"line":57,"column":37},"end":{"line":57,"column":38}},"loc":{"start":{"line":57,"column":71},"end":{"line":59,"column":1}},"line":57},"2":{"name":"(anonymous_2)","decl":{"start":{"line":62,"column":29},"end":{"line":62,"column":30}},"loc":{"start":{"line":62,"column":44},"end":{"line":64,"column":1}},"line":62}},"branchMap":{"0":{"loc":{"start":{"line":51,"column":2},"end":{"line":51,"column":50}},"type":"if","locations":[{"start":{"line":51,"column":2},"end":{"line":51,"column":50}},{"start":{},"end":{}}],"line":51}},"s":{"0":4,"1":4,"2":4,"3":4,"4":5,"5":0,"6":5,"7":5,"8":4,"9":2,"10":4,"11":0,"12":4},"f":{"0":5,"1":2,"2":0},"b":{"0":[0,5]},"_coverageSchema":"1a1c01bbd47fc00a2c39e90264f33305004495a9","hash":"e813270a3400473269eb5d34b98d65ca50c33955"}
,"D:\\5th Semester IIITS\\Information Security\\Project\\Editorial\\backendAmit\\backend\\routes\\admin.js": {"path":"D:\\5th Semester IIITS\\Information Security\\Project\\Editorial\\backendAmit\\backend\\routes\\admin.js","statementMap":{"0":{"start":{"line":2,"column":16},"end":{"line":2,"column":34}},"1":{"start":{"line":3,"column":17},"end":{"line":3,"column":45}},"2":{"start":{"line":8,"column":4},"end":{"line":8,"column":45}},"3":{"start":{"line":9,"column":28},"end":{"line":9,"column":57}},"4":{"start":{"line":11,"column":15},"end":{"line":11,"column":31}},"5":{"start":{"line":13,"column":0},"end":{"line":13,"column":45}},"6":{"start":{"line":15,"column":0},"end":{"line":15,"column":44}},"7":{"start":{"line":16,"column":0},"end":{"line":20,"column":19}},"8":{"start":{"line":21,"column":0},"end":{"line":21,"column":45}},"9":{"start":{"line":23,"column":0},"end":{"line":23,"column":24}}},"fnMap":{},"branchMap":{},"s":{"0":4,"1":4,"2":4,"3":4,"4":4,"5":4,"6":4,"7":4,"8":4,"9":4},"f":{},"b":{},"_coverageSchema":"1a1c01bbd47fc00a2c39e90264f33305004495a9","hash":"067a343e717034fc429e19862892e4cefcb9f8e2"}
,"D:\\5th Semester IIITS\\Information Security\\Project\\Editorial\\backendAmit\\backend\\routes\\auth.js": {"path":"D:\\5th Semester IIITS\\Information Security\\Project\\Editorial\\backendAmit\\backend\\routes\\auth.js","statementMap":{"0":{"start":{"line":2,"column":16},"end":{"line":2,"column":34}},"1":{"start":{"line":3,"column":17},"end":{"line":3,"column":45}},"2":{"start":{"line":4,"column":40},"end":{"line":4,"column":80}},"3":{"start":{"line":5,"column":17},"end":{"line":5,"column":46}},"4":{"start":{"line":7,"column":15},"end":{"line":7,"column":31}},"5":{"start":{"line":9,"column":0},"end":{"line":14,"column":13}},"6":{"start":{"line":16,"column":0},"end":{"line":19,"column":10}},"7":{"start":{"line":21,"column":0},"end":{"line":21,"column":41}},"8":{"start":{"line":23,"column":0},"end":{"line":23,"column":24}}},"fnMap":{},"branchMap":{},"s":{"0":4,"1":4,"2":4,"3":4,"4":4,"5":4,"6":4,"7":4,"8":4},"f":{},"b":{},"_coverageSchema":"1a1c01bbd47fc00a2c39e90264f33305004495a9","hash":"3e16f6c78f52a4e90d5dd6c7de6a1c7ae31219de"}
,"D:\\5th Semester IIITS\\Information Security\\Project\\Editorial\\backendAmit\\backend\\routes\\manuscript.js": {"path":"D:\\5th Semester IIITS\\Information Security\\Project\\Editorial\\backendAmit\\backend\\routes\\manuscript.js","statementMap":{"0":{"start":{"line":2,"column":16},"end":{"line":2,"column":34}},"1":{"start":{"line":3,"column":17},"end":{"line":3,"column":45}},"2":{"start":{"line":8,"column":4},"end":{"line":8,"column":50}},"3":{"start":{"line":9,"column":28},"end":{"line":9,"column":57}},"4":{"start":{"line":10,"column":39},"end":{"line":10,"column":70}},"5":{"start":{"line":11,"column":21},"end":{"line":11,"column":54}},"6":{"start":{"line":13,"column":15},"end":{"line":13,"column":31}},"7":{"start":{"line":15,"column":0},"end":{"line":27,"column":2}},"8":{"start":{"line":29,"column":0},"end":{"line":29,"column":75}},"9":{"start":{"line":30,"column":0},"end":{"line":30,"column":40}},"10":{"start":{"line":32,"column":0},"end":{"line":32,"column":24}}},"fnMap":{},"branchMap":{},"s":{"0":4,"1":4,"2":4,"3":4,"4":4,"5":4,"6":4,"7":4,"8":4,"9":4,"10":4},"f":{},"b":{},"_coverageSchema":"1a1c01bbd47fc00a2c39e90264f33305004495a9","hash":"c3d56e68dc93eab048b06fa4855c330cab698586"}
,"D:\\5th Semester IIITS\\Information Security\\Project\\Editorial\\backendAmit\\backend\\routes\\review.js": {"path":"D:\\5th Semester IIITS\\Information Security\\Project\\Editorial\\backendAmit\\backend\\routes\\review.js","statementMap":{"0":{"start":{"line":1,"column":16},"end":{"line":1,"column":34}},"1":{"start":{"line":2,"column":24},"end":{"line":2,"column":52}},"2":{"start":{"line":12,"column":4},"end":{"line":12,"column":46}},"3":{"start":{"line":13,"column":28},"end":{"line":13,"column":57}},"4":{"start":{"line":14,"column":21},"end":{"line":14,"column":54}},"5":{"start":{"line":16,"column":15},"end":{"line":16,"column":31}},"6":{"start":{"line":21,"column":0},"end":{"line":63,"column":2}},"7":{"start":{"line":68,"column":0},"end":{"line":79,"column":2}},"8":{"start":{"line":84,"column":0},"end":{"line":99,"column":2}},"9":{"start":{"line":104,"column":0},"end":{"line":151,"column":2}},"10":{"start":{"line":156,"column":0},"end":{"line":164,"column":2}},"11":{"start":{"line":169,"column":0},"end":{"line":177,"column":2}},"12":{"start":{"line":182,"column":0},"end":{"line":193,"column":2}},"13":{"start":{"line":198,"column":0},"end":{"line":209,"column":2}},"14":{"start":{"line":211,"column":0},"end":{"line":211,"column":24}}},"fnMap":{},"branchMap":{},"s":{"0":4,"1":4,"2":4,"3":4,"4":4,"5":4,"6":4,"7":4,"8":4,"9":4,"10":4,"11":4,"12":4,"13":4,"14":4},"f":{},"b":{},"_coverageSchema":"1a1c01bbd47fc00a2c39e90264f33305004495a9","hash":"9988ce7529ce2a0f790e7e740d540d063d5ad1f4"}
,"D:\\5th Semester IIITS\\Information Security\\Project\\Editorial\\backendAmit\\backend\\services\\emailService.js": {"path":"D:\\5th Semester IIITS\\Information Security\\Project\\Editorial\\backendAmit\\backend\\services\\emailService.js","statementMap":{"0":{"start":{"line":2,"column":19},"end":{"line":2,"column":40}},"1":{"start":{"line":3,"column":15},"end":{"line":3,"column":39}},"2":{"start":{"line":5,"column":20},"end":{"line":13,"column":2}},"3":{"start":{"line":15,"column":0},"end":{"line":30,"column":2}},"4":{"start":{"line":16,"column":22},"end":{"line":27,"column":3}},"5":{"start":{"line":29,"column":2},"end":{"line":29,"column":42}},"6":{"start":{"line":32,"column":0},"end":{"line":46,"column":2}},"7":{"start":{"line":33,"column":22},"end":{"line":43,"column":3}},"8":{"start":{"line":45,"column":2},"end":{"line":45,"column":42}},"9":{"start":{"line":48,"column":0},"end":{"line":63,"column":2}},"10":{"start":{"line":49,"column":22},"end":{"line":60,"column":3}},"11":{"start":{"line":62,"column":2},"end":{"line":62,"column":42}},"12":{"start":{"line":65,"column":0},"end":{"line":81,"column":2}},"13":{"start":{"line":66,"column":17},"end":{"line":66,"column":46}},"14":{"start":{"line":68,"column":22},"end":{"line":78,"column":3}},"15":{"start":{"line":80,"column":2},"end":{"line":80,"column":42}},"16":{"start":{"line":83,"column":0},"end":{"line":100,"column":2}},"17":{"start":{"line":84,"column":17},"end":{"line":84,"column":46}},"18":{"start":{"line":86,"column":22},"end":{"line":97,"column":3}},"19":{"start":{"line":99,"column":2},"end":{"line":99,"column":42}},"20":{"start":{"line":102,"column":0},"end":{"line":119,"column":2}},"21":{"start":{"line":103,"column":17},"end":{"line":103,"column":46}},"22":{"start":{"line":105,"column":22},"end":{"line":116,"column":3}},"23":{"start":{"line":118,"column":2},"end":{"line":118,"column":42}}},"fnMap":{"0":{"name":"(anonymous_0)","decl":{"start":{"line":15,"column":30},"end":{"line":15,"column":31}},"loc":{"start":{"line":15,"column":65},"end":{"line":30,"column":1}},"line":15},"1":{"name":"(anonymous_1)","decl":{"start":{"line":32,"column":33},"end":{"line":32,"column":34}},"loc":{"start":{"line":32,"column":82},"end":{"line":46,"column":1}},"line":32},"2":{"name":"(anonymous_2)","decl":{"start":{"line":48,"column":31},"end":{"line":48,"column":32}},"loc":{"start":{"line":48,"column":74},"end":{"line":63,"column":1}},"line":48},"3":{"name":"(anonymous_3)","decl":{"start":{"line":65,"column":41},"end":{"line":65,"column":42}},"loc":{"start":{"line":65,"column":83},"end":{"line":81,"column":1}},"line":65},"4":{"name":"(anonymous_4)","decl":{"start":{"line":83,"column":41},"end":{"line":83,"column":42}},"loc":{"start":{"line":83,"column":91},"end":{"line":100,"column":1}},"line":83},"5":{"name":"(anonymous_5)","decl":{"start":{"line":102,"column":32},"end":{"line":102,"column":33}},"loc":{"start":{"line":102,"column":72},"end":{"line":119,"column":1}},"line":102}},"branchMap":{"0":{"loc":{"start":{"line":94,"column":36},"end":{"line":94,"column":66}},"type":"binary-expr","locations":[{"start":{"line":94,"column":36},"end":{"line":94,"column":42}},{"start":{"line":94,"column":46},"end":{"line":94,"column":66}}],"line":94}},"s":{"0":4,"1":4,"2":4,"3":4,"4":0,"5":0,"6":4,"7":0,"8":0,"9":4,"10":0,"11":0,"12":4,"13":0,"14":0,"15":0,"16":4,"17":0,"18":0,"19":0,"20":4,"21":0,"22":0,"23":0},"f":{"0":0,"1":0,"2":0,"3":0,"4":0,"5":0},"b":{"0":[0,0]},"_coverageSchema":"1a1c01bbd47fc00a2c39e90264f33305004495a9","hash":"ed4ab01408ae7348657eedf0f527c820872fdb48"}
,"D:\\5th Semester IIITS\\Information Security\\Project\\Editorial\\backendAmit\\backend\\tests\\integration\\setupTestDB.js": {"path":"D:\\5th Semester IIITS\\Information Security\\Project\\Editorial\\backendAmit\\backend\\tests\\integration\\setupTestDB.js","statementMap":{"0":{"start":{"line":1,"column":17},"end":{"line":1,"column":36}},"1":{"start":{"line":2,"column":30},"end":{"line":2,"column":62}},"2":{"start":{"line":11,"column":2},"end":{"line":11,"column":49}},"3":{"start":{"line":12,"column":14},"end":{"line":12,"column":34}},"4":{"start":{"line":14,"column":2},"end":{"line":14,"column":32}},"5":{"start":{"line":15,"column":2},"end":{"line":15,"column":32}},"6":{"start":{"line":17,"column":2},"end":{"line":20,"column":5}},"7":{"start":{"line":24,"column":2},"end":{"line":24,"column":43}},"8":{"start":{"line":25,"column":2},"end":{"line":25,"column":36}},"9":{"start":{"line":27,"column":2},"end":{"line":29,"column":3}},"10":{"start":{"line":28,"column":4},"end":{"line":28,"column":29}},"11":{"start":{"line":33,"column":22},"end":{"line":33,"column":53}},"12":{"start":{"line":34,"column":2},"end":{"line":36,"column":3}},"13":{"start":{"line":35,"column":4},"end":{"line":35,"column":42}},"14":{"start":{"line":39,"column":0},"end":{"line":43,"column":2}}},"fnMap":{"0":{"name":"setupTestDB","decl":{"start":{"line":10,"column":15},"end":{"line":10,"column":26}},"loc":{"start":{"line":10,"column":29},"end":{"line":21,"column":1}},"line":10},"1":{"name":"teardownTestDB","decl":{"start":{"line":23,"column":15},"end":{"line":23,"column":29}},"loc":{"start":{"line":23,"column":32},"end":{"line":30,"column":1}},"line":23},"2":{"name":"clearDatabase","decl":{"start":{"line":32,"column":15},"end":{"line":32,"column":28}},"loc":{"start":{"line":32,"column":31},"end":{"line":37,"column":1}},"line":32}},"branchMap":{"0":{"loc":{"start":{"line":27,"column":2},"end":{"line":29,"column":3}},"type":"if","locations":[{"start":{"line":27,"column":2},"end":{"line":29,"column":3}},{"start":{},"end":{}}],"line":27}},"s":{"0":4,"1":4,"2":4,"3":4,"4":4,"5":4,"6":4,"7":4,"8":4,"9":4,"10":4,"11":11,"12":11,"13":44,"14":4},"f":{"0":4,"1":4,"2":11},"b":{"0":[4,0]},"_coverageSchema":"1a1c01bbd47fc00a2c39e90264f33305004495a9","hash":"951da49f75ab8661e5f379ed5bf444dcb9c1cbe2"}
}
