TN:
SF:app.js
FN:44,(anonymous_0)
FN:45,(anonymous_1)
FN:53,(anonymous_2)
FN:62,(anonymous_3)
FN:69,(anonymous_4)
FN:88,(anonymous_5)
FNF:6
FNH:3
FNDA:4,(anonymous_0)
FNDA:0,(anonymous_1)
FNDA:1,(anonymous_2)
FNDA:0,(anonymous_3)
FNDA:0,(anonymous_4)
FNDA:1,(anonymous_5)
DA:2,4
DA:3,4
DA:4,4
DA:5,4
DA:6,4
DA:7,4
DA:8,4
DA:11,4
DA:12,4
DA:13,4
DA:14,4
DA:16,4
DA:19,4
DA:20,4
DA:23,4
DA:27,4
DA:30,4
DA:36,4
DA:37,4
DA:40,4
DA:44,4
DA:45,0
DA:48,4
DA:49,4
DA:50,4
DA:51,4
DA:53,4
DA:54,1
DA:62,4
DA:63,0
DA:65,0
DA:66,0
DA:69,0
DA:73,0
DA:74,0
DA:80,0
DA:88,4
DA:89,1
DA:95,4
LF:39
LH:31
BRDA:31,0,0,4
BRDA:31,0,1,4
BRDA:65,1,0,0
BRDA:65,1,1,0
BRDA:73,2,0,0
BRDA:73,2,1,0
BRDA:83,3,0,0
BRDA:83,3,1,0
BRF:8
BRH:2
end_of_record
TN:
SF:config\cloudinary.js
FN:16,(anonymous_0)
FN:19,(anonymous_1)
FNF:2
FNH:0
FNDA:0,(anonymous_0)
FNDA:0,(anonymous_1)
DA:2,4
DA:3,4
DA:6,4
DA:14,4
DA:15,0
DA:17,0
DA:20,0
DA:24,4
LF:8
LH:5
BRDA:14,0,0,0
BRDA:14,0,1,4
BRF:2
BRH:1
end_of_record
TN:
SF:config\env.js
FN:39,(anonymous_0)
FNF:1
FNH:1
FNDA:8,(anonymous_0)
DA:2,4
DA:4,4
DA:34,4
DA:35,4
DA:36,0
DA:39,8
DA:40,4
DA:41,0
DA:42,0
DA:43,0
DA:47,4
LF:11
LH:7
BRDA:6,0,0,4
BRDA:6,0,1,0
BRDA:7,1,0,4
BRDA:7,1,1,0
BRDA:10,2,0,4
BRDA:10,2,1,0
BRDA:13,3,0,4
BRDA:13,3,1,0
BRDA:14,4,0,4
BRDA:14,4,1,0
BRDA:35,5,0,0
BRDA:35,5,1,4
BRDA:40,6,0,0
BRDA:40,6,1,4
BRDA:42,7,0,0
BRDA:42,7,1,0
BRF:16
BRH:7
end_of_record
TN:
SF:controllers\ReviewController.js
FN:9,(anonymous_0)
FN:50,(anonymous_1)
FN:131,(anonymous_2)
FN:178,(anonymous_3)
FN:227,(anonymous_4)
FN:249,(anonymous_5)
FN:279,(anonymous_6)
FN:331,(anonymous_7)
FN:380,(anonymous_8)
FN:433,(anonymous_9)
FN:450,(anonymous_10)
FN:464,(anonymous_11)
FN:474,(anonymous_12)
FN:476,(anonymous_13)
FN:478,(anonymous_14)
FN:480,(anonymous_15)
FN:489,(anonymous_16)
FN:497,(anonymous_17)
FN:509,(anonymous_18)
FN:510,(anonymous_19)
FN:514,(anonymous_20)
FN:518,(anonymous_21)
FN:523,(anonymous_22)
FNF:23
FNH:0
FNDA:0,(anonymous_0)
FNDA:0,(anonymous_1)
FNDA:0,(anonymous_2)
FNDA:0,(anonymous_3)
FNDA:0,(anonymous_4)
FNDA:0,(anonymous_5)
FNDA:0,(anonymous_6)
FNDA:0,(anonymous_7)
FNDA:0,(anonymous_8)
FNDA:0,(anonymous_9)
FNDA:0,(anonymous_10)
FNDA:0,(anonymous_11)
FNDA:0,(anonymous_12)
FNDA:0,(anonymous_13)
FNDA:0,(anonymous_14)
FNDA:0,(anonymous_15)
FNDA:0,(anonymous_16)
FNDA:0,(anonymous_17)
FNDA:0,(anonymous_18)
FNDA:0,(anonymous_19)
FNDA:0,(anonymous_20)
FNDA:0,(anonymous_21)
FNDA:0,(anonymous_22)
DA:2,4
DA:3,4
DA:4,4
DA:5,4
DA:6,4
DA:7,4
DA:9,4
DA:10,0
DA:11,0
DA:18,0
DA:21,0
DA:27,0
DA:28,0
DA:35,0
DA:41,0
DA:42,0
DA:49,0
DA:50,0
DA:53,0
DA:55,0
DA:71,0
DA:84,0
DA:88,0
DA:89,0
DA:90,0
DA:93,0
DA:96,0
DA:103,0
DA:104,0
DA:111,0
DA:117,0
DA:118,0
DA:131,4
DA:132,0
DA:133,0
DA:135,0
DA:141,0
DA:142,0
DA:148,0
DA:149,0
DA:152,0
DA:158,0
DA:164,0
DA:165,0
DA:178,4
DA:179,0
DA:180,0
DA:181,0
DA:183,0
DA:189,0
DA:190,0
DA:196,0
DA:197,0
DA:200,0
DA:207,0
DA:213,0
DA:214,0
DA:227,4
DA:228,0
DA:229,0
DA:230,0
DA:233,0
DA:239,0
DA:240,0
DA:247,0
DA:248,0
DA:249,0
DA:253,0
DA:259,0
DA:265,0
DA:266,0
DA:279,4
DA:280,0
DA:281,0
DA:283,0
DA:284,0
DA:285,0
DA:288,0
DA:303,0
DA:305,0
DA:317,0
DA:318,0
DA:331,4
DA:332,0
DA:333,0
DA:341,0
DA:352,0
DA:361,0
DA:366,0
DA:367,0
DA:380,4
DA:381,0
DA:382,0
DA:384,0
DA:391,0
DA:392,0
DA:399,0
DA:400,0
DA:402,0
DA:403,0
DA:410,0
DA:411,0
DA:414,0
DA:419,0
DA:420,0
DA:433,4
DA:434,0
DA:435,0
DA:437,0
DA:442,0
DA:444,0
DA:450,0
DA:454,0
DA:455,0
DA:464,4
DA:465,0
DA:471,0
DA:473,0
DA:474,0
DA:476,0
DA:477,0
DA:478,0
DA:479,0
DA:480,0
DA:481,0
DA:484,0
DA:489,4
DA:490,0
DA:495,0
DA:497,0
DA:498,0
DA:499,0
DA:500,0
DA:502,0
DA:505,0
DA:509,4
DA:510,0
DA:512,0
DA:514,0
DA:517,0
DA:518,0
DA:519,0
DA:522,0
DA:523,0
DA:525,0
DA:528,4
LF:146
LH:18
BRDA:27,0,0,0
BRDA:27,0,1,0
BRDA:41,1,0,0
BRDA:41,1,1,0
BRDA:41,2,0,0
BRDA:41,2,1,0
BRDA:53,3,0,0
BRDA:53,3,1,0
BRDA:103,4,0,0
BRDA:103,4,1,0
BRDA:141,5,0,0
BRDA:141,5,1,0
BRDA:189,6,0,0
BRDA:189,6,1,0
BRDA:239,7,0,0
BRDA:239,7,1,0
BRDA:247,8,0,0
BRDA:247,8,1,0
BRDA:281,9,0,0
BRDA:281,10,0,0
BRDA:284,11,0,0
BRDA:284,11,1,0
BRDA:356,12,0,0
BRDA:356,12,1,0
BRDA:357,13,0,0
BRDA:357,13,1,0
BRDA:391,14,0,0
BRDA:391,14,1,0
BRDA:400,15,0,0
BRDA:400,15,1,0
BRDA:402,16,0,0
BRDA:402,16,1,0
BRDA:402,17,0,0
BRDA:402,17,1,0
BRDA:410,18,0,0
BRDA:410,18,1,0
BRDA:473,19,0,0
BRDA:473,19,1,0
BRDA:476,20,0,0
BRDA:476,20,1,0
BRDA:478,21,0,0
BRDA:478,21,1,0
BRDA:480,22,0,0
BRDA:480,22,1,0
BRDA:495,23,0,0
BRDA:495,23,1,0
BRDA:498,24,0,0
BRDA:498,24,1,0
BRDA:498,25,0,0
BRDA:498,25,1,0
BRDA:512,26,0,0
BRDA:512,26,1,0
BRDA:519,27,0,0
BRDA:519,27,1,0
BRDA:525,28,0,0
BRDA:525,28,1,0
BRF:56
BRH:0
end_of_record
TN:
SF:controllers\adminController.js
FN:8,(anonymous_0)
FN:51,(anonymous_1)
FN:127,(anonymous_2)
FNF:3
FNH:0
FNDA:0,(anonymous_0)
FNDA:0,(anonymous_1)
FNDA:0,(anonymous_2)
DA:2,4
DA:3,4
DA:4,4
DA:5,4
DA:6,4
DA:8,4
DA:9,0
DA:18,0
DA:28,0
DA:43,0
DA:51,4
DA:52,0
DA:53,0
DA:54,0
DA:55,0
DA:62,0
DA:64,0
DA:65,0
DA:66,0
DA:68,0
DA:69,0
DA:75,0
DA:76,0
DA:83,0
DA:89,0
DA:90,0
DA:96,0
DA:104,0
DA:107,0
DA:108,0
DA:111,0
DA:113,0
DA:119,0
DA:127,4
DA:128,0
DA:129,0
DA:131,0
DA:132,0
DA:133,0
DA:140,0
DA:141,0
DA:143,0
DA:149,0
LF:43
LH:8
BRDA:54,0,0,0
BRDA:54,0,1,0
BRDA:68,1,0,0
BRDA:68,1,1,0
BRDA:75,2,0,0
BRDA:75,2,1,0
BRDA:75,3,0,0
BRDA:75,3,1,0
BRDA:89,4,0,0
BRDA:89,4,1,0
BRDA:132,5,0,0
BRDA:132,5,1,0
BRF:12
BRH:0
end_of_record
TN:
SF:controllers\authController.js
FN:7,(anonymous_0)
FN:13,(anonymous_1)
FN:75,(anonymous_2)
FN:132,(anonymous_3)
FNF:4
FNH:4
FNDA:6,(anonymous_0)
FNDA:7,(anonymous_1)
FNDA:2,(anonymous_2)
FNDA:1,(anonymous_3)
DA:2,4
DA:3,4
DA:4,4
DA:5,4
DA:7,4
DA:8,6
DA:13,4
DA:14,7
DA:15,7
DA:16,7
DA:17,1
DA:24,6
DA:27,6
DA:28,6
DA:29,1
DA:36,5
DA:47,5
DA:50,5
DA:52,5
DA:67,0
DA:75,4
DA:76,2
DA:77,2
DA:78,2
DA:79,0
DA:86,2
DA:89,2
DA:90,2
DA:91,0
DA:98,2
DA:99,2
DA:100,1
DA:107,1
DA:109,1
DA:124,0
DA:132,4
DA:133,1
DA:134,1
DA:136,1
DA:141,0
LF:40
LH:35
BRDA:16,0,0,1
BRDA:16,0,1,6
BRDA:28,1,0,1
BRDA:28,1,1,5
BRDA:78,2,0,0
BRDA:78,2,1,2
BRDA:90,3,0,0
BRDA:90,3,1,2
BRDA:99,4,0,1
BRDA:99,4,1,1
BRF:10
BRH:8
end_of_record
TN:
SF:controllers\manuscriptController.js
FN:7,(anonymous_0)
FN:69,(anonymous_1)
FN:114,(anonymous_2)
FN:135,(anonymous_3)
FN:150,(anonymous_4)
FNF:5
FNH:0
FNDA:0,(anonymous_0)
FNDA:0,(anonymous_1)
FNDA:0,(anonymous_2)
FNDA:0,(anonymous_3)
FNDA:0,(anonymous_4)
DA:1,4
DA:2,4
DA:3,4
DA:4,4
DA:5,4
DA:7,4
DA:8,0
DA:9,0
DA:10,0
DA:11,0
DA:18,0
DA:19,0
DA:25,0
DA:30,0
DA:32,0
DA:33,0
DA:34,0
DA:41,0
DA:43,0
DA:52,0
DA:61,0
DA:62,0
DA:63,0
DA:64,0
DA:66,0
DA:69,0
DA:85,0
DA:88,0
DA:89,0
DA:90,0
DA:91,0
DA:94,0
DA:98,0
DA:104,0
DA:106,0
DA:114,4
DA:115,0
DA:116,0
DA:122,0
DA:127,0
DA:135,4
DA:136,0
DA:137,0
DA:142,0
DA:143,0
DA:150,0
DA:151,0
DA:153,0
DA:155,0
DA:156,0
DA:162,0
DA:167,0
LF:52
LH:8
BRDA:10,0,0,0
BRDA:10,0,1,0
BRDA:18,1,0,0
BRDA:18,1,1,0
BRDA:30,2,0,0
BRDA:30,2,1,0
BRDA:62,3,0,0
BRDA:62,3,1,0
BRDA:63,4,0,0
BRDA:63,4,1,0
BRDA:69,5,0,0
BRDA:69,5,1,0
BRDA:90,6,0,0
BRDA:90,6,1,0
BRDA:109,7,0,0
BRDA:109,7,1,0
BRDA:142,8,0,0
BRDA:142,8,1,0
BRDA:153,9,0,0
BRDA:153,9,1,0
BRDA:155,10,0,0
BRDA:155,10,1,0
BRDA:155,11,0,0
BRDA:155,11,1,0
BRF:24
BRH:0
end_of_record
TN:
SF:middleware\auth.js
FN:6,(anonymous_0)
FN:44,(anonymous_1)
FN:45,(anonymous_2)
FN:46,(anonymous_3)
FNF:4
FNH:2
FNDA:4,(anonymous_0)
FNDA:44,(anonymous_1)
FNDA:0,(anonymous_2)
FNDA:0,(anonymous_3)
DA:2,4
DA:3,4
DA:4,4
DA:6,4
DA:7,4
DA:8,4
DA:10,4
DA:11,3
DA:17,1
DA:18,1
DA:20,1
DA:21,0
DA:27,1
DA:28,0
DA:34,1
DA:35,1
DA:37,0
DA:44,4
DA:45,44
DA:46,0
DA:48,0
DA:49,0
DA:54,0
DA:58,4
LF:24
LH:17
BRDA:10,0,0,3
BRDA:10,0,1,1
BRDA:20,1,0,0
BRDA:20,1,1,1
BRDA:27,2,0,0
BRDA:27,2,1,1
BRDA:48,3,0,0
BRDA:48,3,1,0
BRF:8
BRH:4
end_of_record
TN:
SF:middleware\upload.js
FN:19,(anonymous_0)
FN:29,(anonymous_1)
FN:46,(anonymous_2)
FN:47,(anonymous_3)
FN:54,(anonymous_4)
FN:63,(anonymous_5)
FNF:6
FNH:0
FNDA:0,(anonymous_0)
FNDA:0,(anonymous_1)
FNDA:0,(anonymous_2)
FNDA:0,(anonymous_3)
FNDA:0,(anonymous_4)
FNDA:0,(anonymous_5)
DA:2,4
DA:3,4
DA:4,4
DA:5,4
DA:8,4
DA:12,4
DA:13,4
DA:20,0
DA:25,0
DA:26,0
DA:29,4
DA:30,0
DA:31,0
DA:33,0
DA:37,4
DA:46,4
DA:47,0
DA:48,0
DA:55,0
DA:56,0
DA:59,0
DA:63,4
DA:64,0
DA:65,0
DA:66,0
DA:71,0
DA:72,0
DA:77,0
DA:80,4
LF:29
LH:12
BRDA:30,0,0,0
BRDA:30,0,1,0
BRDA:55,1,0,0
BRDA:55,1,1,0
BRDA:64,2,0,0
BRDA:64,2,1,0
BRDA:65,3,0,0
BRDA:65,3,1,0
BRDA:71,4,0,0
BRDA:71,4,1,0
BRF:10
BRH:0
end_of_record
TN:
SF:middleware\validate.js
FN:4,(anonymous_0)
FN:10,(anonymous_1)
FNF:2
FNH:0
FNDA:0,(anonymous_0)
FNDA:0,(anonymous_1)
DA:2,4
DA:4,4
DA:5,0
DA:6,0
DA:7,0
DA:10,0
DA:17,0
DA:20,4
LF:8
LH:3
BRDA:6,0,0,0
BRDA:6,0,1,0
BRF:2
BRH:0
end_of_record
TN:
SF:models\Assignment.js
FNF:0
FNH:0
DA:2,4
DA:4,4
DA:42,4
LF:3
LH:3
BRF:0
BRH:0
end_of_record
TN:
SF:models\Manuscript.js
FNF:0
FNH:0
DA:2,4
DA:4,4
DA:83,4
DA:84,4
DA:86,4
LF:5
LH:5
BRF:0
BRH:0
end_of_record
TN:
SF:models\Review.js
FNF:0
FNH:0
DA:2,4
DA:4,4
DA:53,4
DA:55,4
LF:4
LH:4
BRF:0
BRH:0
end_of_record
TN:
SF:models\User.js
FN:50,(anonymous_0)
FN:57,(anonymous_1)
FN:62,(anonymous_2)
FNF:3
FNH:2
FNDA:5,(anonymous_0)
FNDA:2,(anonymous_1)
FNDA:0,(anonymous_2)
DA:2,4
DA:3,4
DA:5,4
DA:50,4
DA:51,5
DA:52,5
DA:53,5
DA:57,4
DA:58,2
DA:62,4
DA:63,0
DA:66,4
LF:12
LH:11
BRDA:51,0,0,0
BRDA:51,0,1,5
BRF:2
BRH:1
end_of_record
TN:
SF:routes\admin.js
FNF:0
FNH:0
DA:2,4
DA:3,4
DA:8,4
DA:9,4
DA:11,4
DA:13,4
DA:15,4
DA:16,4
DA:21,4
DA:23,4
LF:10
LH:10
BRF:0
BRH:0
end_of_record
TN:
SF:routes\auth.js
FNF:0
FNH:0
DA:2,4
DA:3,4
DA:4,4
DA:5,4
DA:7,4
DA:9,4
DA:16,4
DA:21,4
DA:23,4
LF:9
LH:9
BRF:0
BRH:0
end_of_record
TN:
SF:routes\manuscript.js
FNF:0
FNH:0
DA:2,4
DA:3,4
DA:8,4
DA:9,4
DA:10,4
DA:11,4
DA:13,4
DA:15,4
DA:29,4
DA:30,4
DA:32,4
LF:11
LH:11
BRF:0
BRH:0
end_of_record
TN:
SF:routes\review.js
FNF:0
FNH:0
DA:1,4
DA:2,4
DA:12,4
DA:13,4
DA:14,4
DA:16,4
DA:21,4
DA:68,4
DA:84,4
DA:104,4
DA:156,4
DA:169,4
DA:182,4
DA:198,4
DA:211,4
LF:15
LH:15
BRF:0
BRH:0
end_of_record
TN:
SF:services\emailService.js
FN:15,(anonymous_0)
FN:32,(anonymous_1)
FN:48,(anonymous_2)
FN:65,(anonymous_3)
FN:83,(anonymous_4)
FN:102,(anonymous_5)
FNF:6
FNH:0
FNDA:0,(anonymous_0)
FNDA:0,(anonymous_1)
FNDA:0,(anonymous_2)
FNDA:0,(anonymous_3)
FNDA:0,(anonymous_4)
FNDA:0,(anonymous_5)
DA:2,4
DA:3,4
DA:5,4
DA:15,4
DA:16,0
DA:29,0
DA:32,4
DA:33,0
DA:45,0
DA:48,4
DA:49,0
DA:62,0
DA:65,4
DA:66,0
DA:68,0
DA:80,0
DA:83,4
DA:84,0
DA:86,0
DA:99,0
DA:102,4
DA:103,0
DA:105,0
DA:118,0
LF:24
LH:9
BRDA:94,0,0,0
BRDA:94,0,1,0
BRF:2
BRH:0
end_of_record
TN:
SF:tests\integration\setupTestDB.js
FN:10,setupTestDB
FN:23,teardownTestDB
FN:32,clearDatabase
FNF:3
FNH:3
FNDA:4,setupTestDB
FNDA:4,teardownTestDB
FNDA:11,clearDatabase
DA:1,4
DA:2,4
DA:11,4
DA:12,4
DA:14,4
DA:15,4
DA:17,4
DA:24,4
DA:25,4
DA:27,4
DA:28,4
DA:33,11
DA:34,11
DA:35,44
DA:39,4
LF:15
LH:15
BRDA:27,0,0,4
BRDA:27,0,1,0
BRF:2
BRH:1
end_of_record
